0 verbose cli C:\nvm4w\nodejs\node.exe C:\nvm4w\nodejs\node_modules\npm\bin\npm-cli.js
1 info using npm@10.7.0
2 info using node@v18.20.3
3 silly config:load:file:C:\Users\oswal\AppData\Local\nvm\v18.20.3\node_modules\npm\npmrc
4 silly config:load:file:C:\HackaNacio2025\SheinBot\backen\.npmrc
5 error config prefix cannot be changed from project config: C:\HackaNacio2025\SheinBot\backen\.npmrc.
6 silly config:load:file:C:\Users\oswal\.npmrc
7 silly config:load:file:C:\HackaNacio2025\SheinBot\backen\.npm-global\etc\npmrc
8 verbose title npm install
9 verbose argv "install"
10 verbose logfile logs-max:10 dir:C:\HackaNacio2025\SheinBot\backen\.npm-cache\_logs\2025-11-26T14_16_51_829Z-
11 verbose logfile C:\HackaNacio2025\SheinBot\backen\.npm-cache\_logs\2025-11-26T14_16_51_829Z-debug-0.log
12 silly logfile done cleaning log files
13 silly idealTree buildDeps
14 silly fetch manifest axios@^1.5.0
15 http fetch GET 200 https://registry.npmjs.org/npm 157ms
16 http fetch GET 200 https://registry.npmjs.org/axios 137ms (cache miss)
17 silly fetch manifest cheerio@^1.0.0-rc-12
18 http fetch GET 200 https://registry.npmjs.org/cheerio 96ms (cache miss)
19 silly fetch manifest cors@^2.8.5
20 http fetch GET 200 https://registry.npmjs.org/cors 31ms (cache miss)
21 silly fetch manifest dotenv@^16.0.0
22 http fetch GET 200 https://registry.npmjs.org/dotenv 35ms (cache miss)
23 silly fetch manifest express@^4.0.0
24 http fetch GET 200 https://registry.npmjs.org/express 52ms (cache miss)
25 silly fetch manifest pg@^8.9.0
26 http fetch GET 200 https://registry.npmjs.org/pg 114ms (cache miss)
27 silly fetch manifest pg-native@>=3.0.1
28 http fetch GET 200 https://registry.npmjs.org/pg-native 119ms (cache miss)
29 silly fetch manifest nodemon@^3.0.0
30 http fetch GET 200 https://registry.npmjs.org/nodemon 42ms (cache miss)
31 silly placeDep ROOT axios@1.13.2 OK for: hackatec-backend@1.0.0 want: ^1.5.0
32 silly placeDep ROOT cheerio@1.1.2 OK for: hackatec-backend@1.0.0 want: ^1.0.0-rc-12
33 silly placeDep ROOT cors@2.8.5 OK for: hackatec-backend@1.0.0 want: ^2.8.5
34 silly placeDep ROOT dotenv@16.6.1 OK for: hackatec-backend@1.0.0 want: ^16.0.0
35 silly placeDep ROOT express@4.21.2 OK for: hackatec-backend@1.0.0 want: ^4.0.0
36 silly placeDep ROOT nodemon@3.1.11 OK for: hackatec-backend@1.0.0 want: ^3.0.0
37 silly placeDep ROOT pg@8.16.3 OK for: hackatec-backend@1.0.0 want: ^8.9.0
38 silly fetch manifest follow-redirects@^1.15.6
39 silly fetch manifest form-data@^4.0.4
40 silly fetch manifest proxy-from-env@^1.1.0
41 silly fetch manifest parse5@^7.3.0
42 silly fetch manifest undici@^7.12.0
43 silly fetch manifest domutils@^3.2.2
44 silly fetch manifest domhandler@^5.0.3
45 silly fetch manifest htmlparser2@^10.0.0
46 silly fetch manifest cheerio-select@^2.1.0
47 silly fetch manifest dom-serializer@^2.0.0
48 silly fetch manifest whatwg-mimetype@^4.0.0
49 silly fetch manifest encoding-sniffer@^0.2.1
50 silly fetch manifest parse5-parser-stream@^7.1.2
51 silly fetch manifest parse5-htmlparser2-tree-adapter@^7.1.0
52 silly fetch manifest vary@^1
53 http fetch GET 200 https://registry.npmjs.org/follow-redirects 56ms (cache miss)
54 silly fetch manifest object-assign@^4
55 http fetch GET 200 https://registry.npmjs.org/form-data 61ms (cache miss)
56 silly fetch manifest qs@6.13.0
57 http fetch GET 200 https://registry.npmjs.org/object-assign 60ms (cache miss)
58 silly fetch manifest depd@2.0.0
59 http fetch GET 200 https://registry.npmjs.org/proxy-from-env 160ms (cache miss)
60 silly fetch manifest etag@~1.8.1
61 http fetch GET 200 https://registry.npmjs.org/vary 162ms (cache miss)
62 silly fetch manifest send@0.19.0
63 http fetch GET 200 https://registry.npmjs.org/dom-serializer 179ms (cache miss)
64 silly fetch manifest vary@~1.1.2
65 silly fetch manifest debug@2.6.9
66 http fetch GET 200 https://registry.npmjs.org/domutils 188ms (cache miss)
67 silly fetch manifest fresh@0.5.2
68 http fetch GET 200 https://registry.npmjs.org/domhandler 191ms (cache miss)
69 silly fetch manifest cookie@0.7.1
70 http fetch GET 200 https://registry.npmjs.org/qs 138ms (cache miss)
71 silly fetch manifest accepts@~1.3.8
72 http fetch GET 200 https://registry.npmjs.org/htmlparser2 221ms (cache miss)
73 silly fetch manifest methods@~1.1.2
74 http fetch GET 200 https://registry.npmjs.org/depd 158ms (cache miss)
75 silly fetch manifest type-is@~1.6.18
76 http fetch GET 200 https://registry.npmjs.org/parse5-htmlparser2-tree-adapter 283ms (cache miss)
77 silly fetch manifest parseurl@~1.3.3
78 http fetch GET 200 https://registry.npmjs.org/etag 131ms (cache miss)
79 silly fetch manifest statuses@2.0.1
80 http fetch GET 200 https://registry.npmjs.org/whatwg-mimetype 300ms (cache miss)
81 silly fetch manifest encodeurl@~2.0.0
82 http fetch GET 200 https://registry.npmjs.org/parse5-parser-stream 303ms (cache miss)
83 silly fetch manifest proxy-addr@~2.0.7
84 http fetch GET 200 https://registry.npmjs.org/encoding-sniffer 307ms (cache miss)
85 silly fetch manifest body-parser@1.20.3
86 http fetch GET 200 https://registry.npmjs.org/fresh 123ms (cache miss)
87 silly fetch manifest escape-html@~1.0.3
88 http fetch GET 200 https://registry.npmjs.org/cheerio-select 316ms (cache miss)
89 silly fetch manifest http-errors@2.0.0
90 http fetch GET 200 https://registry.npmjs.org/send 153ms (cache miss)
91 silly fetch manifest on-finished@2.4.1
92 http fetch GET 200 https://registry.npmjs.org/accepts 126ms (cache miss)
93 silly fetch manifest safe-buffer@5.2.1
94 http fetch GET 200 https://registry.npmjs.org/parse5 338ms (cache miss)
95 silly fetch manifest utils-merge@1.0.1
96 http fetch GET 200 https://registry.npmjs.org/cookie 148ms (cache miss)
97 silly fetch manifest content-type@~1.0.4
98 http fetch GET 200 https://registry.npmjs.org/methods 138ms (cache miss)
99 silly fetch manifest finalhandler@1.3.1
100 http fetch GET 200 https://registry.npmjs.org/debug 191ms (cache miss)
101 silly fetch manifest range-parser@~1.2.1
102 http fetch GET 200 https://registry.npmjs.org/statuses 97ms (cache miss)
103 silly fetch manifest serve-static@1.16.2
104 http fetch GET 200 https://registry.npmjs.org/parseurl 105ms (cache miss)
105 silly fetch manifest array-flatten@1.1.1
106 http fetch GET 200 https://registry.npmjs.org/encodeurl 107ms (cache miss)
107 silly fetch manifest path-to-regexp@0.1.12
108 http fetch GET 200 https://registry.npmjs.org/proxy-addr 112ms (cache miss)
109 silly fetch manifest setprototypeof@1.2.0
110 http fetch GET 200 https://registry.npmjs.org/type-is 138ms (cache miss)
111 silly fetch manifest cookie-signature@1.0.6
112 http fetch GET 200 https://registry.npmjs.org/http-errors 116ms (cache miss)
113 silly fetch manifest merge-descriptors@1.0.3
114 http fetch GET 200 https://registry.npmjs.org/on-finished 115ms (cache miss)
115 silly fetch manifest content-disposition@0.5.4
116 http fetch GET 200 https://registry.npmjs.org/escape-html 129ms (cache miss)
117 silly fetch manifest chokidar@^3.5.2
118 http fetch GET 200 https://registry.npmjs.org/utils-merge 111ms (cache miss)
119 silly fetch manifest debug@^4
120 silly fetch manifest ignore-by-default@^1.0.1
121 http fetch GET 200 https://registry.npmjs.org/content-type 115ms (cache miss)
122 silly fetch manifest minimatch@^3.1.2
123 http fetch GET 200 https://registry.npmjs.org/safe-buffer 132ms (cache miss)
124 silly fetch manifest pstree.remy@^1.1.8
125 http fetch GET 200 https://registry.npmjs.org/body-parser 160ms (cache miss)
126 silly fetch manifest semver@^7.5.3
127 http fetch GET 200 https://registry.npmjs.org/range-parser 104ms (cache miss)
128 silly fetch manifest simple-update-notifier@^2.0.0
129 http fetch GET 200 https://registry.npmjs.org/finalhandler 127ms (cache miss)
130 silly fetch manifest supports-color@^5.5.0
131 http fetch GET 200 https://registry.npmjs.org/array-flatten 105ms (cache miss)
132 silly fetch manifest touch@^3.1.0
133 http fetch GET 200 https://registry.npmjs.org/serve-static 114ms (cache miss)
134 silly fetch manifest undefsafe@^2.0.5
135 http fetch GET 200 https://registry.npmjs.org/cookie-signature 90ms (cache miss)
136 silly fetch manifest pg-connection-string@^2.9.1
137 http fetch GET 200 https://registry.npmjs.org/path-to-regexp 120ms (cache miss)
138 silly fetch manifest pg-pool@^3.10.1
139 http fetch GET 200 https://registry.npmjs.org/merge-descriptors 107ms (cache miss)
140 silly fetch manifest pg-protocol@^1.10.3
141 http fetch GET 200 https://registry.npmjs.org/setprototypeof 130ms (cache miss)
142 silly fetch manifest pg-types@2.2.0
143 http fetch GET 200 https://registry.npmjs.org/content-disposition 112ms (cache miss)
144 silly fetch manifest pgpass@1.0.5
145 http fetch GET 200 https://registry.npmjs.org/ignore-by-default 109ms (cache miss)
146 silly fetch manifest pg-cloudflare@^1.2.7
147 http fetch GET 200 https://registry.npmjs.org/pstree.remy 102ms (cache miss)
148 http fetch GET 200 https://registry.npmjs.org/simple-update-notifier 88ms (cache miss)
149 http fetch GET 200 https://registry.npmjs.org/chokidar 133ms (cache miss)
150 http fetch GET 200 https://registry.npmjs.org/undefsafe 77ms (cache miss)
151 http fetch GET 200 https://registry.npmjs.org/supports-color 97ms (cache miss)
152 http fetch GET 200 https://registry.npmjs.org/minimatch 131ms (cache miss)
153 http fetch GET 200 https://registry.npmjs.org/touch 97ms (cache miss)
154 http fetch GET 200 https://registry.npmjs.org/pg-connection-string 83ms (cache miss)
155 http fetch GET 200 https://registry.npmjs.org/semver 130ms (cache miss)
156 http fetch GET 200 https://registry.npmjs.org/undici 615ms (cache miss)
157 http fetch GET 200 https://registry.npmjs.org/pg-cloudflare 67ms (cache miss)
158 http fetch GET 200 https://registry.npmjs.org/pg-pool 110ms (cache miss)
159 http fetch GET 200 https://registry.npmjs.org/pg-protocol 99ms (cache miss)
160 http fetch GET 200 https://registry.npmjs.org/pgpass 158ms (cache miss)
161 http fetch GET 200 https://registry.npmjs.org/pg-types 162ms (cache miss)
162 silly placeDep ROOT follow-redirects@1.15.11 OK for: axios@1.13.2 want: ^1.15.6
163 silly placeDep ROOT form-data@4.0.5 OK for: axios@1.13.2 want: ^4.0.4
164 silly placeDep ROOT proxy-from-env@1.1.0 OK for: axios@1.13.2 want: ^1.1.0
165 silly fetch manifest asynckit@^0.4.0
166 silly fetch manifest combined-stream@^1.0.8
167 silly fetch manifest es-set-tostringtag@^2.1.0
168 silly fetch manifest hasown@^2.0.2
169 silly fetch manifest mime-types@^2.1.12
170 http fetch GET 200 https://registry.npmjs.org/hasown 41ms (cache miss)
171 http fetch GET 200 https://registry.npmjs.org/es-set-tostringtag 44ms (cache miss)
172 http fetch GET 200 https://registry.npmjs.org/asynckit 47ms (cache miss)
173 http fetch GET 200 https://registry.npmjs.org/combined-stream 77ms (cache miss)
174 http fetch GET 200 https://registry.npmjs.org/mime-types 78ms (cache miss)
175 silly placeDep ROOT cheerio-select@2.1.0 OK for: cheerio@1.1.2 want: ^2.1.0
176 silly placeDep ROOT dom-serializer@2.0.0 OK for: cheerio@1.1.2 want: ^2.0.0
177 silly placeDep ROOT domhandler@5.0.3 OK for: cheerio@1.1.2 want: ^5.0.3
178 silly placeDep ROOT domutils@3.2.2 OK for: cheerio@1.1.2 want: ^3.2.2
179 silly placeDep ROOT encoding-sniffer@0.2.1 OK for: cheerio@1.1.2 want: ^0.2.1
180 silly placeDep ROOT htmlparser2@10.0.0 OK for: cheerio@1.1.2 want: ^10.0.0
181 silly placeDep ROOT parse5@7.3.0 OK for: cheerio@1.1.2 want: ^7.3.0
182 silly placeDep ROOT parse5-htmlparser2-tree-adapter@7.1.0 OK for: cheerio@1.1.2 want: ^7.1.0
183 silly placeDep ROOT parse5-parser-stream@7.1.2 OK for: cheerio@1.1.2 want: ^7.1.2
184 silly placeDep ROOT undici@7.16.0 OK for: cheerio@1.1.2 want: ^7.12.0
185 silly placeDep ROOT whatwg-mimetype@4.0.0 OK for: cheerio@1.1.2 want: ^4.0.0
186 silly fetch manifest boolbase@^1.0.0
187 silly fetch manifest css-select@^5.1.0
188 silly fetch manifest css-what@^6.1.0
189 silly fetch manifest domelementtype@^2.3.0
190 silly fetch manifest domutils@^3.0.1
191 silly fetch manifest domhandler@^5.0.2
192 silly fetch manifest entities@^4.2.0
193 silly fetch manifest iconv-lite@^0.6.3
194 silly fetch manifest whatwg-encoding@^3.1.1
195 silly fetch manifest entities@^6.0.0
196 http fetch GET 200 https://registry.npmjs.org/domelementtype 43ms (cache miss)
197 http fetch GET 200 https://registry.npmjs.org/entities 162ms (cache miss)
198 http fetch GET 200 https://registry.npmjs.org/boolbase 170ms (cache miss)
199 http fetch GET 200 https://registry.npmjs.org/whatwg-encoding 167ms (cache miss)
200 http fetch GET 200 https://registry.npmjs.org/css-what 171ms (cache miss)
201 http fetch GET 200 https://registry.npmjs.org/entities 174ms (cache miss)
202 http fetch GET 200 https://registry.npmjs.org/css-select 202ms (cache miss)
203 http fetch GET 200 https://registry.npmjs.org/iconv-lite 200ms (cache miss)
204 silly placeDep ROOT boolbase@1.0.0 OK for: cheerio-select@2.1.0 want: ^1.0.0
205 silly placeDep ROOT css-select@5.2.2 OK for: cheerio-select@2.1.0 want: ^5.1.0
206 silly placeDep ROOT css-what@6.2.2 OK for: cheerio-select@2.1.0 want: ^6.1.0
207 silly placeDep ROOT domelementtype@2.3.0 OK for: cheerio-select@2.1.0 want: ^2.3.0
208 silly fetch manifest nth-check@^2.0.1
209 http fetch GET 200 https://registry.npmjs.org/nth-check 61ms (cache miss)
210 silly placeDep ROOT object-assign@4.1.1 OK for: cors@2.8.5 want: ^4
211 silly placeDep ROOT vary@1.1.2 OK for: cors@2.8.5 want: ^1
212 silly placeDep ROOT nth-check@2.1.1 OK for: css-select@5.2.2 want: ^2.0.1
213 silly placeDep ROOT entities@4.5.0 OK for: dom-serializer@2.0.0 want: ^4.2.0
214 silly placeDep ROOT iconv-lite@0.6.3 OK for: encoding-sniffer@0.2.1 want: ^0.6.3
215 silly placeDep ROOT whatwg-encoding@3.1.1 OK for: encoding-sniffer@0.2.1 want: ^3.1.1
216 silly fetch manifest safer-buffer@>= 2.1.2 < 3.0.0
217 http fetch GET 200 https://registry.npmjs.org/safer-buffer 58ms (cache miss)
218 silly placeDep ROOT accepts@1.3.8 OK for: express@4.21.2 want: ~1.3.8
219 silly placeDep ROOT array-flatten@1.1.1 OK for: express@4.21.2 want: 1.1.1
220 silly placeDep ROOT body-parser@1.20.3 OK for: express@4.21.2 want: 1.20.3
221 silly placeDep ROOT content-disposition@0.5.4 OK for: express@4.21.2 want: 0.5.4
222 silly placeDep ROOT content-type@1.0.5 OK for: express@4.21.2 want: ~1.0.4
223 silly placeDep ROOT cookie@0.7.1 OK for: express@4.21.2 want: 0.7.1
224 silly placeDep ROOT cookie-signature@1.0.6 OK for: express@4.21.2 want: 1.0.6
225 silly placeDep ROOT debug@2.6.9 OK for: express@4.21.2 want: 2.6.9
226 silly placeDep ROOT depd@2.0.0 OK for: express@4.21.2 want: 2.0.0
227 silly placeDep ROOT encodeurl@2.0.0 OK for: express@4.21.2 want: ~2.0.0
228 silly placeDep ROOT escape-html@1.0.3 OK for: express@4.21.2 want: ~1.0.3
229 silly placeDep ROOT etag@1.8.1 OK for: express@4.21.2 want: ~1.8.1
230 silly placeDep ROOT finalhandler@1.3.1 OK for: express@4.21.2 want: 1.3.1
231 silly placeDep ROOT fresh@0.5.2 OK for: express@4.21.2 want: 0.5.2
232 silly placeDep ROOT http-errors@2.0.0 OK for: express@4.21.2 want: 2.0.0
233 silly placeDep ROOT merge-descriptors@1.0.3 OK for: express@4.21.2 want: 1.0.3
234 silly placeDep ROOT methods@1.1.2 OK for: express@4.21.2 want: ~1.1.2
235 silly placeDep ROOT on-finished@2.4.1 OK for: express@4.21.2 want: 2.4.1
236 silly placeDep ROOT parseurl@1.3.3 OK for: express@4.21.2 want: ~1.3.3
237 silly placeDep ROOT path-to-regexp@0.1.12 OK for: express@4.21.2 want: 0.1.12
238 silly placeDep ROOT proxy-addr@2.0.7 OK for: express@4.21.2 want: ~2.0.7
239 silly placeDep ROOT qs@6.13.0 OK for: express@4.21.2 want: 6.13.0
240 silly placeDep ROOT range-parser@1.2.1 OK for: express@4.21.2 want: ~1.2.1
241 silly placeDep ROOT safe-buffer@5.2.1 OK for: express@4.21.2 want: 5.2.1
242 silly placeDep ROOT send@0.19.0 OK for: express@4.21.2 want: 0.19.0
243 silly placeDep ROOT serve-static@1.16.2 OK for: express@4.21.2 want: 1.16.2
244 silly placeDep ROOT setprototypeof@1.2.0 OK for: express@4.21.2 want: 1.2.0
245 silly placeDep ROOT statuses@2.0.1 OK for: express@4.21.2 want: 2.0.1
246 silly placeDep ROOT type-is@1.6.18 OK for: express@4.21.2 want: ~1.6.18
247 silly placeDep ROOT utils-merge@1.0.1 OK for: express@4.21.2 want: 1.0.1
248 silly fetch manifest mime-types@~2.1.34
249 silly fetch manifest negotiator@0.6.3
250 silly fetch manifest bytes@3.1.2
251 silly fetch manifest unpipe@1.0.0
252 silly fetch manifest destroy@1.2.0
253 silly fetch manifest raw-body@2.5.2
254 silly fetch manifest iconv-lite@0.4.24
255 silly fetch manifest content-type@~1.0.5
256 silly fetch manifest ms@2.0.0
257 silly fetch manifest unpipe@~1.0.0
258 silly fetch manifest inherits@2.0.4
259 silly fetch manifest toidentifier@1.0.1
260 silly fetch manifest ee-first@1.1.1
261 silly fetch manifest forwarded@0.2.0
262 silly fetch manifest ipaddr.js@1.9.1
263 silly fetch manifest side-channel@^1.0.6
264 silly fetch manifest ms@2.1.3
265 silly fetch manifest mime@1.6.0
266 http fetch GET 200 https://registry.npmjs.org/destroy 77ms (cache miss)
267 silly fetch manifest encodeurl@~1.0.2
268 silly fetch manifest mime-types@~2.1.24
269 silly fetch manifest media-typer@0.3.0
270 http fetch GET 200 https://registry.npmjs.org/bytes 87ms (cache miss)
271 http fetch GET 200 https://registry.npmjs.org/unpipe 89ms (cache miss)
272 http fetch GET 200 https://registry.npmjs.org/inherits 84ms (cache miss)
273 http fetch GET 200 https://registry.npmjs.org/raw-body 90ms (cache miss)
274 http fetch GET 200 https://registry.npmjs.org/negotiator 101ms (cache miss)
275 http fetch GET 200 https://registry.npmjs.org/ms 97ms (cache miss)
276 http fetch GET 200 https://registry.npmjs.org/unpipe 100ms (cache miss)
277 http fetch GET 200 https://registry.npmjs.org/ee-first 98ms (cache miss)
278 http fetch GET 200 https://registry.npmjs.org/forwarded 97ms (cache miss)
279 http fetch GET 200 https://registry.npmjs.org/ms 97ms (cache miss)
280 http fetch GET 200 https://registry.npmjs.org/toidentifier 107ms (cache miss)
281 http fetch GET 200 https://registry.npmjs.org/side-channel 102ms (cache miss)
282 http fetch GET 200 https://registry.npmjs.org/mime 105ms (cache miss)
283 http fetch GET 200 https://registry.npmjs.org/ipaddr.js 112ms (cache miss)
284 http fetch GET 200 https://registry.npmjs.org/media-typer 45ms (cache miss)
285 silly placeDep ROOT mime-types@2.1.35 OK for: accepts@1.3.8 want: ~2.1.34
286 silly placeDep ROOT negotiator@0.6.3 OK for: accepts@1.3.8 want: 0.6.3
287 silly fetch manifest mime-db@1.52.0
288 http fetch GET 200 https://registry.npmjs.org/mime-db 181ms (cache miss)
289 silly placeDep ROOT bytes@3.1.2 OK for: body-parser@1.20.3 want: 3.1.2
290 silly placeDep ROOT destroy@1.2.0 OK for: body-parser@1.20.3 want: 1.2.0
291 silly placeDep node_modules/body-parser iconv-lite@0.4.24 OK for: body-parser@1.20.3 want: 0.4.24
292 silly placeDep ROOT raw-body@2.5.2 OK for: body-parser@1.20.3 want: 2.5.2
293 silly placeDep ROOT unpipe@1.0.0 OK for: body-parser@1.20.3 want: 1.0.0
294 silly fetch manifest safer-buffer@>= 2.1.2 < 3
295 silly placeDep ROOT ms@2.0.0 OK for: debug@2.6.9 want: 2.0.0
296 silly placeDep ROOT asynckit@0.4.0 OK for: form-data@4.0.5 want: ^0.4.0
297 silly placeDep ROOT combined-stream@1.0.8 OK for: form-data@4.0.5 want: ^1.0.8
298 silly placeDep ROOT es-set-tostringtag@2.1.0 OK for: form-data@4.0.5 want: ^2.1.0
299 silly placeDep ROOT hasown@2.0.2 OK for: form-data@4.0.5 want: ^2.0.2
300 silly fetch manifest delayed-stream@~1.0.0
301 silly fetch manifest es-errors@^1.3.0
302 silly fetch manifest get-intrinsic@^1.2.6
303 silly fetch manifest has-tostringtag@^1.0.2
304 silly fetch manifest function-bind@^1.1.2
305 http fetch GET 200 https://registry.npmjs.org/function-bind 146ms (cache miss)
306 http fetch GET 200 https://registry.npmjs.org/has-tostringtag 158ms (cache miss)
307 http fetch GET 200 https://registry.npmjs.org/delayed-stream 164ms (cache miss)
308 http fetch GET 200 https://registry.npmjs.org/es-errors 174ms (cache miss)
309 http fetch GET 200 https://registry.npmjs.org/get-intrinsic 174ms (cache miss)
310 silly placeDep ROOT delayed-stream@1.0.0 OK for: combined-stream@1.0.8 want: ~1.0.0
311 silly placeDep ROOT es-errors@1.3.0 OK for: es-set-tostringtag@2.1.0 want: ^1.3.0
312 silly placeDep ROOT get-intrinsic@1.3.0 OK for: es-set-tostringtag@2.1.0 want: ^1.2.6
313 silly placeDep ROOT has-tostringtag@1.0.2 OK for: es-set-tostringtag@2.1.0 want: ^1.0.2
314 silly fetch manifest gopd@^1.2.0
315 silly fetch manifest get-proto@^1.0.1
316 silly fetch manifest has-symbols@^1.1.0
317 silly fetch manifest es-object-atoms@^1.1.1
318 silly fetch manifest math-intrinsics@^1.1.0
319 silly fetch manifest es-define-property@^1.0.1
320 silly fetch manifest call-bind-apply-helpers@^1.0.2
321 silly fetch manifest has-symbols@^1.0.3
322 http fetch GET 200 https://registry.npmjs.org/get-proto 70ms (cache miss)
323 http fetch GET 200 https://registry.npmjs.org/es-object-atoms 72ms (cache miss)
324 http fetch GET 200 https://registry.npmjs.org/gopd 80ms (cache miss)
325 http fetch GET 200 https://registry.npmjs.org/call-bind-apply-helpers 78ms (cache miss)
326 http fetch GET 200 https://registry.npmjs.org/has-symbols 78ms (cache miss)
327 http fetch GET 200 https://registry.npmjs.org/es-define-property 81ms (cache miss)
328 http fetch GET 200 https://registry.npmjs.org/has-symbols 86ms (cache miss)
329 http fetch GET 200 https://registry.npmjs.org/math-intrinsics 85ms (cache miss)
330 silly placeDep ROOT call-bind-apply-helpers@1.0.2 OK for: get-intrinsic@1.3.0 want: ^1.0.2
331 silly placeDep ROOT es-define-property@1.0.1 OK for: get-intrinsic@1.3.0 want: ^1.0.1
332 silly placeDep ROOT es-object-atoms@1.1.1 OK for: get-intrinsic@1.3.0 want: ^1.1.1
333 silly placeDep ROOT function-bind@1.1.2 OK for: get-intrinsic@1.3.0 want: ^1.1.2
334 silly placeDep ROOT get-proto@1.0.1 OK for: get-intrinsic@1.3.0 want: ^1.0.1
335 silly placeDep ROOT gopd@1.2.0 OK for: get-intrinsic@1.3.0 want: ^1.2.0
336 silly placeDep ROOT has-symbols@1.1.0 OK for: get-intrinsic@1.3.0 want: ^1.1.0
337 silly placeDep ROOT math-intrinsics@1.1.0 OK for: get-intrinsic@1.3.0 want: ^1.1.0
338 silly fetch manifest dunder-proto@^1.0.1
339 http fetch GET 200 https://registry.npmjs.org/dunder-proto 30ms (cache miss)
340 silly placeDep ROOT dunder-proto@1.0.1 OK for: get-proto@1.0.1 want: ^1.0.1
341 silly placeDep node_modules/htmlparser2 entities@6.0.1 OK for: htmlparser2@10.0.0 want: ^6.0.0
342 silly placeDep ROOT inherits@2.0.4 OK for: http-errors@2.0.0 want: 2.0.4
343 silly placeDep ROOT toidentifier@1.0.1 OK for: http-errors@2.0.0 want: 1.0.1
344 silly placeDep ROOT safer-buffer@2.1.2 OK for: iconv-lite@0.6.3 want: >= 2.1.2 < 3.0.0
345 silly placeDep ROOT mime-db@1.52.0 OK for: mime-types@2.1.35 want: 1.52.0
346 silly placeDep ROOT chokidar@3.6.0 OK for: nodemon@3.1.11 want: ^3.5.2
347 silly placeDep node_modules/nodemon debug@4.4.3 OK for: nodemon@3.1.11 want: ^4
348 silly placeDep ROOT ignore-by-default@1.0.1 OK for: nodemon@3.1.11 want: ^1.0.1
349 silly placeDep ROOT minimatch@3.1.2 OK for: nodemon@3.1.11 want: ^3.1.2
350 silly placeDep ROOT pstree.remy@1.1.8 OK for: nodemon@3.1.11 want: ^1.1.8
351 silly placeDep ROOT semver@7.7.3 OK for: nodemon@3.1.11 want: ^7.5.3
352 silly placeDep ROOT simple-update-notifier@2.0.0 OK for: nodemon@3.1.11 want: ^2.0.0
353 silly placeDep ROOT supports-color@5.5.0 OK for: nodemon@3.1.11 want: ^5.5.0
354 silly placeDep ROOT touch@3.1.1 OK for: nodemon@3.1.11 want: ^3.1.0
355 silly placeDep ROOT undefsafe@2.0.5 OK for: nodemon@3.1.11 want: ^2.0.5
356 silly fetch manifest braces@~3.0.2
357 silly fetch manifest is-glob@~4.0.1
358 silly fetch manifest anymatch@~3.1.2
359 silly fetch manifest readdirp@~3.6.0
360 silly fetch manifest glob-parent@~5.1.2
361 silly fetch manifest is-binary-path@~2.1.0
362 silly fetch manifest normalize-path@~3.0.0
363 silly fetch manifest fsevents@~2.3.2
364 silly fetch manifest ms@^2.1.3
365 silly fetch manifest brace-expansion@^1.1.7
366 silly fetch manifest has-flag@^3.0.0
367 http fetch GET 200 https://registry.npmjs.org/is-glob 47ms (cache miss)
368 http fetch GET 200 https://registry.npmjs.org/braces 54ms (cache miss)
369 http fetch GET 200 https://registry.npmjs.org/is-binary-path 98ms (cache miss)
370 http fetch GET 200 https://registry.npmjs.org/anymatch 113ms (cache miss)
371 http fetch GET 200 https://registry.npmjs.org/normalize-path 113ms (cache miss)
372 http fetch GET 200 https://registry.npmjs.org/glob-parent 115ms (cache miss)
373 http fetch GET 200 https://registry.npmjs.org/has-flag 121ms (cache miss)
374 http fetch GET 200 https://registry.npmjs.org/readdirp 129ms (cache miss)
375 http fetch GET 200 https://registry.npmjs.org/brace-expansion 128ms (cache miss)
376 http fetch GET 200 https://registry.npmjs.org/fsevents 131ms (cache miss)
377 silly placeDep ROOT anymatch@3.1.3 OK for: chokidar@3.6.0 want: ~3.1.2
378 silly placeDep ROOT braces@3.0.3 OK for: chokidar@3.6.0 want: ~3.0.2
379 silly placeDep ROOT fsevents@2.3.3 OK for: chokidar@3.6.0 want: ~2.3.2
380 silly placeDep ROOT glob-parent@5.1.2 OK for: chokidar@3.6.0 want: ~5.1.2
381 silly placeDep ROOT is-binary-path@2.1.0 OK for: chokidar@3.6.0 want: ~2.1.0
382 silly placeDep ROOT is-glob@4.0.3 OK for: chokidar@3.6.0 want: ~4.0.1
383 silly placeDep ROOT normalize-path@3.0.0 OK for: chokidar@3.6.0 want: ~3.0.0
384 silly placeDep ROOT readdirp@3.6.0 OK for: chokidar@3.6.0 want: ~3.6.0
385 silly fetch manifest picomatch@^2.0.4
386 silly fetch manifest normalize-path@^3.0.0
387 silly fetch manifest fill-range@^7.1.1
388 silly fetch manifest is-glob@^4.0.1
389 silly fetch manifest binary-extensions@^2.0.0
390 silly fetch manifest is-extglob@^2.1.1
391 silly fetch manifest picomatch@^2.2.1
392 http fetch GET 200 https://registry.npmjs.org/is-extglob 31ms (cache miss)
393 http fetch GET 200 https://registry.npmjs.org/picomatch 55ms (cache miss)
394 http fetch GET 200 https://registry.npmjs.org/binary-extensions 64ms (cache miss)
395 http fetch GET 200 https://registry.npmjs.org/fill-range 68ms (cache miss)
396 http fetch GET 200 https://registry.npmjs.org/picomatch 69ms (cache miss)
397 silly placeDep ROOT picomatch@2.3.1 OK for: anymatch@3.1.3 want: ^2.0.4
398 silly placeDep ROOT fill-range@7.1.1 OK for: braces@3.0.3 want: ^7.1.1
399 silly fetch manifest to-regex-range@^5.0.1
400 http fetch GET 200 https://registry.npmjs.org/to-regex-range 35ms (cache miss)
401 silly placeDep ROOT to-regex-range@5.0.1 OK for: fill-range@7.1.1 want: ^5.0.1
402 silly fetch manifest is-number@^7.0.0
403 http fetch GET 200 https://registry.npmjs.org/is-number 36ms (cache miss)
404 silly placeDep ROOT binary-extensions@2.3.0 OK for: is-binary-path@2.1.0 want: ^2.0.0
405 silly placeDep ROOT is-extglob@2.1.1 OK for: is-glob@4.0.3 want: ^2.1.1
406 silly placeDep ROOT brace-expansion@1.1.12 OK for: minimatch@3.1.2 want: ^1.1.7
407 silly fetch manifest balanced-match@^1.0.0
408 silly fetch manifest concat-map@0.0.1
409 http fetch GET 200 https://registry.npmjs.org/concat-map 33ms (cache miss)
410 http fetch GET 200 https://registry.npmjs.org/balanced-match 36ms (cache miss)
411 silly placeDep ROOT balanced-match@1.0.2 OK for: brace-expansion@1.1.12 want: ^1.0.0
412 silly placeDep ROOT concat-map@0.0.1 OK for: brace-expansion@1.1.12 want: 0.0.1
413 silly placeDep ROOT ee-first@1.1.1 OK for: on-finished@2.4.1 want: 1.1.1
414 silly placeDep node_modules/parse5 entities@6.0.1 OK for: parse5@7.3.0 want: ^6.0.0
415 silly fetch manifest pg@>=8.0
416 silly placeDep ROOT pg-cloudflare@1.2.7 OK for: pg@8.16.3 want: ^1.2.7
417 silly placeDep ROOT pg-connection-string@2.9.1 OK for: pg@8.16.3 want: ^2.9.1
418 silly placeDep ROOT pg-pool@3.10.1 OK for: pg@8.16.3 want: ^3.10.1
419 silly placeDep ROOT pg-protocol@1.10.3 OK for: pg@8.16.3 want: ^1.10.3
420 silly placeDep ROOT pg-types@2.2.0 OK for: pg@8.16.3 want: 2.2.0
421 silly placeDep ROOT pgpass@1.0.5 OK for: pg@8.16.3 want: 1.0.5
422 silly fetch manifest pg-int8@1.0.1
423 silly fetch manifest postgres-date@~1.0.4
424 silly fetch manifest postgres-array@~2.0.0
425 silly fetch manifest postgres-bytea@~1.0.0
426 silly fetch manifest postgres-interval@^1.1.0
427 silly fetch manifest split2@^4.1.0
428 http fetch GET 200 https://registry.npmjs.org/postgres-interval 69ms (cache miss)
429 http fetch GET 200 https://registry.npmjs.org/postgres-bytea 72ms (cache miss)
430 http fetch GET 200 https://registry.npmjs.org/split2 72ms (cache miss)
431 http fetch GET 200 https://registry.npmjs.org/postgres-date 98ms (cache miss)
432 http fetch GET 200 https://registry.npmjs.org/postgres-array 115ms (cache miss)
433 http fetch GET 200 https://registry.npmjs.org/pg-int8 125ms (cache miss)
434 silly placeDep ROOT pg-int8@1.0.1 OK for: pg-types@2.2.0 want: 1.0.1
435 silly placeDep ROOT postgres-array@2.0.0 OK for: pg-types@2.2.0 want: ~2.0.0
436 silly placeDep ROOT postgres-bytea@1.0.0 OK for: pg-types@2.2.0 want: ~1.0.0
437 silly placeDep ROOT postgres-date@1.0.7 OK for: pg-types@2.2.0 want: ~1.0.4
438 silly placeDep ROOT postgres-interval@1.2.0 OK for: pg-types@2.2.0 want: ^1.1.0
439 silly fetch manifest xtend@^4.0.0
440 http fetch GET 200 https://registry.npmjs.org/xtend 233ms (cache miss)
441 silly placeDep ROOT split2@4.2.0 OK for: pgpass@1.0.5 want: ^4.1.0
442 silly placeDep ROOT xtend@4.0.2 OK for: postgres-interval@1.2.0 want: ^4.0.0
443 silly placeDep ROOT forwarded@0.2.0 OK for: proxy-addr@2.0.7 want: 0.2.0
444 silly placeDep ROOT ipaddr.js@1.9.1 OK for: proxy-addr@2.0.7 want: 1.9.1
445 silly placeDep ROOT side-channel@1.1.0 OK for: qs@6.13.0 want: ^1.0.6
446 silly fetch manifest object-inspect@^1.13.3
447 silly fetch manifest side-channel-list@^1.0.0
448 silly fetch manifest side-channel-map@^1.0.1
449 silly fetch manifest side-channel-weakmap@^1.0.2
450 http fetch GET 200 https://registry.npmjs.org/side-channel-weakmap 139ms (cache miss)
451 http fetch GET 200 https://registry.npmjs.org/side-channel-list 142ms (cache miss)
452 http fetch GET 200 https://registry.npmjs.org/side-channel-map 142ms (cache miss)
453 http fetch GET 200 https://registry.npmjs.org/object-inspect 143ms (cache miss)
454 silly placeDep node_modules/raw-body iconv-lite@0.4.24 OK for: raw-body@2.5.2 want: 0.4.24
455 silly placeDep node_modules/send encodeurl@1.0.2 OK for: send@0.19.0 want: ~1.0.2
456 silly placeDep ROOT mime@1.6.0 OK for: send@0.19.0 want: 1.6.0
457 silly placeDep node_modules/send ms@2.1.3 OK for: send@0.19.0 want: 2.1.3
458 silly placeDep ROOT object-inspect@1.13.4 OK for: side-channel@1.1.0 want: ^1.13.3
459 silly placeDep ROOT side-channel-list@1.0.0 OK for: side-channel@1.1.0 want: ^1.0.0
460 silly placeDep ROOT side-channel-map@1.0.1 OK for: side-channel@1.1.0 want: ^1.0.1
461 silly placeDep ROOT side-channel-weakmap@1.0.2 OK for: side-channel@1.1.0 want: ^1.0.2
462 silly fetch manifest call-bound@^1.0.2
463 http fetch GET 200 https://registry.npmjs.org/call-bound 41ms (cache miss)
464 silly placeDep ROOT call-bound@1.0.4 OK for: side-channel-map@1.0.1 want: ^1.0.2
465 silly placeDep ROOT has-flag@3.0.0 OK for: supports-color@5.5.0 want: ^3.0.0
466 silly placeDep ROOT is-number@7.0.0 OK for: to-regex-range@5.0.1 want: ^7.0.0
467 silly placeDep ROOT media-typer@0.3.0 OK for: type-is@1.6.18 want: 0.3.0
468 silly placeDep node_modules/nodemon ms@2.1.3 OK for: debug@4.4.3 want: ^2.1.3
469 warn EBADENGINE Unsupported engine {
469 warn EBADENGINE   package: 'cheerio@1.1.2',
469 warn EBADENGINE   required: { node: '>=20.18.1' },
469 warn EBADENGINE   current: { node: 'v18.20.3', npm: '10.7.0' }
469 warn EBADENGINE }
470 warn EBADENGINE Unsupported engine {
470 warn EBADENGINE   package: 'undici@7.16.0',
470 warn EBADENGINE   required: { node: '>=20.18.1' },
470 warn EBADENGINE   current: { node: 'v18.20.3', npm: '10.7.0' }
470 warn EBADENGINE }
471 silly reify moves {}
472 silly audit bulk request {
472 silly audit   axios: [ '1.13.2' ],
472 silly audit   cheerio: [ '1.1.2' ],
472 silly audit   cors: [ '2.8.5' ],
472 silly audit   dotenv: [ '16.6.1' ],
472 silly audit   express: [ '4.21.2' ],
472 silly audit   nodemon: [ '3.1.11' ],
472 silly audit   pg: [ '8.16.3' ],
472 silly audit   'follow-redirects': [ '1.15.11' ],
472 silly audit   'form-data': [ '4.0.5' ],
472 silly audit   'proxy-from-env': [ '1.1.0' ],
472 silly audit   'cheerio-select': [ '2.1.0' ],
472 silly audit   'dom-serializer': [ '2.0.0' ],
472 silly audit   domhandler: [ '5.0.3' ],
472 silly audit   domutils: [ '3.2.2' ],
472 silly audit   'encoding-sniffer': [ '0.2.1' ],
472 silly audit   htmlparser2: [ '10.0.0' ],
472 silly audit   parse5: [ '7.3.0' ],
472 silly audit   'parse5-htmlparser2-tree-adapter': [ '7.1.0' ],
472 silly audit   'parse5-parser-stream': [ '7.1.2' ],
472 silly audit   undici: [ '7.16.0' ],
472 silly audit   'whatwg-mimetype': [ '4.0.0' ],
472 silly audit   boolbase: [ '1.0.0' ],
472 silly audit   'css-select': [ '5.2.2' ],
472 silly audit   'css-what': [ '6.2.2' ],
472 silly audit   domelementtype: [ '2.3.0' ],
472 silly audit   'object-assign': [ '4.1.1' ],
472 silly audit   vary: [ '1.1.2' ],
472 silly audit   'nth-check': [ '2.1.1' ],
472 silly audit   entities: [ '4.5.0', '6.0.1' ],
472 silly audit   'iconv-lite': [ '0.6.3', '0.4.24' ],
472 silly audit   'whatwg-encoding': [ '3.1.1' ],
472 silly audit   accepts: [ '1.3.8' ],
472 silly audit   'array-flatten': [ '1.1.1' ],
472 silly audit   'body-parser': [ '1.20.3' ],
472 silly audit   'content-disposition': [ '0.5.4' ],
472 silly audit   'content-type': [ '1.0.5' ],
472 silly audit   cookie: [ '0.7.1' ],
472 silly audit   'cookie-signature': [ '1.0.6' ],
472 silly audit   debug: [ '2.6.9', '4.4.3' ],
472 silly audit   depd: [ '2.0.0' ],
472 silly audit   encodeurl: [ '2.0.0', '1.0.2' ],
472 silly audit   'escape-html': [ '1.0.3' ],
472 silly audit   etag: [ '1.8.1' ],
472 silly audit   finalhandler: [ '1.3.1' ],
472 silly audit   fresh: [ '0.5.2' ],
472 silly audit   'http-errors': [ '2.0.0' ],
472 silly audit   'merge-descriptors': [ '1.0.3' ],
472 silly audit   methods: [ '1.1.2' ],
472 silly audit   'on-finished': [ '2.4.1' ],
472 silly audit   parseurl: [ '1.3.3' ],
472 silly audit   'path-to-regexp': [ '0.1.12' ],
472 silly audit   'proxy-addr': [ '2.0.7' ],
472 silly audit   qs: [ '6.13.0' ],
472 silly audit   'range-parser': [ '1.2.1' ],
472 silly audit   'safe-buffer': [ '5.2.1' ],
472 silly audit   send: [ '0.19.0' ],
472 silly audit   'serve-static': [ '1.16.2' ],
472 silly audit   setprototypeof: [ '1.2.0' ],
472 silly audit   statuses: [ '2.0.1' ],
472 silly audit   'type-is': [ '1.6.18' ],
472 silly audit   'utils-merge': [ '1.0.1' ],
472 silly audit   'mime-types': [ '2.1.35' ],
472 silly audit   negotiator: [ '0.6.3' ],
472 silly audit   bytes: [ '3.1.2' ],
472 silly audit   destroy: [ '1.2.0' ],
472 silly audit   'raw-body': [ '2.5.2' ],
472 silly audit   unpipe: [ '1.0.0' ],
472 silly audit   ms: [ '2.0.0', '2.1.3' ],
472 silly audit   asynckit: [ '0.4.0' ],
472 silly audit   'combined-stream': [ '1.0.8' ],
472 silly audit   'es-set-tostringtag': [ '2.1.0' ],
472 silly audit   hasown: [ '2.0.2' ],
472 silly audit   'delayed-stream': [ '1.0.0' ],
472 silly audit   'es-errors': [ '1.3.0' ],
472 silly audit   'get-intrinsic': [ '1.3.0' ],
472 silly audit   'has-tostringtag': [ '1.0.2' ],
472 silly audit   'call-bind-apply-helpers': [ '1.0.2' ],
472 silly audit   'es-define-property': [ '1.0.1' ],
472 silly audit   'es-object-atoms': [ '1.1.1' ],
472 silly audit   'function-bind': [ '1.1.2' ],
472 silly audit   'get-proto': [ '1.0.1' ],
472 silly audit   gopd: [ '1.2.0' ],
472 silly audit   'has-symbols': [ '1.1.0' ],
472 silly audit   'math-intrinsics': [ '1.1.0' ],
472 silly audit   'dunder-proto': [ '1.0.1' ],
472 silly audit   inherits: [ '2.0.4' ],
472 silly audit   toidentifier: [ '1.0.1' ],
472 silly audit   'safer-buffer': [ '2.1.2' ],
472 silly audit   'mime-db': [ '1.52.0' ],
472 silly audit   chokidar: [ '3.6.0' ],
472 silly audit   'ignore-by-default': [ '1.0.1' ],
472 silly audit   minimatch: [ '3.1.2' ],
472 silly audit   'pstree.remy': [ '1.1.8' ],
472 silly audit   semver: [ '7.7.3' ],
472 silly audit   'simple-update-notifier': [ '2.0.0' ],
472 silly audit   'supports-color': [ '5.5.0' ],
472 silly audit   touch: [ '3.1.1' ],
472 silly audit   undefsafe: [ '2.0.5' ],
472 silly audit   anymatch: [ '3.1.3' ],
472 silly audit   braces: [ '3.0.3' ],
472 silly audit   fsevents: [ '2.3.3' ],
472 silly audit   'glob-parent': [ '5.1.2' ],
472 silly audit   'is-binary-path': [ '2.1.0' ],
472 silly audit   'is-glob': [ '4.0.3' ],
472 silly audit   'normalize-path': [ '3.0.0' ],
472 silly audit   readdirp: [ '3.6.0' ],
472 silly audit   picomatch: [ '2.3.1' ],
472 silly audit   'fill-range': [ '7.1.1' ],
472 silly audit   'to-regex-range': [ '5.0.1' ],
472 silly audit   'binary-extensions': [ '2.3.0' ],
472 silly audit   'is-extglob': [ '2.1.1' ],
472 silly audit   'brace-expansion': [ '1.1.12' ],
472 silly audit   'balanced-match': [ '1.0.2' ],
472 silly audit   'concat-map': [ '0.0.1' ],
472 silly audit   'ee-first': [ '1.1.1' ],
472 silly audit   'pg-cloudflare': [ '1.2.7' ],
472 silly audit   'pg-connection-string': [ '2.9.1' ],
472 silly audit   'pg-pool': [ '3.10.1' ],
472 silly audit   'pg-protocol': [ '1.10.3' ],
472 silly audit   'pg-types': [ '2.2.0' ],
472 silly audit   pgpass: [ '1.0.5' ],
472 silly audit   'pg-int8': [ '1.0.1' ],
472 silly audit   'postgres-array': [ '2.0.0' ],
472 silly audit   'postgres-bytea': [ '1.0.0' ],
472 silly audit   'postgres-date': [ '1.0.7' ],
472 silly audit   'postgres-interval': [ '1.2.0' ],
472 silly audit   split2: [ '4.2.0' ],
472 silly audit   xtend: [ '4.0.2' ],
472 silly audit   forwarded: [ '0.2.0' ],
472 silly audit   'ipaddr.js': [ '1.9.1' ],
472 silly audit   'side-channel': [ '1.1.0' ],
472 silly audit   mime: [ '1.6.0' ],
472 silly audit   'object-inspect': [ '1.13.4' ],
472 silly audit   'side-channel-list': [ '1.0.0' ],
472 silly audit   'side-channel-map': [ '1.0.1' ],
472 silly audit   'side-channel-weakmap': [ '1.0.2' ],
472 silly audit   'call-bound': [ '1.0.4' ],
472 silly audit   'has-flag': [ '3.0.0' ],
472 silly audit   'is-number': [ '7.0.0' ],
472 silly audit   'media-typer': [ '0.3.0' ]
472 silly audit }
473 verbose reify failed optional dependency C:\HackaNacio2025\SheinBot\backen\node_modules\fsevents
474 silly reify mark deleted [ 'C:\\HackaNacio2025\\SheinBot\\backen\\node_modules\\fsevents' ]
475 silly tarball no local data for media-typer@https://registry.npmjs.org/media-typer/-/media-typer-0.3.0.tgz. Extracting by manifest.
476 silly tarball no local data for is-number@https://registry.npmjs.org/is-number/-/is-number-7.0.0.tgz. Extracting by manifest.
477 silly tarball no local data for call-bound@https://registry.npmjs.org/call-bound/-/call-bound-1.0.4.tgz. Extracting by manifest.
478 silly tarball no local data for side-channel-weakmap@https://registry.npmjs.org/side-channel-weakmap/-/side-channel-weakmap-1.0.2.tgz. Extracting by manifest.
479 silly tarball no local data for has-flag@https://registry.npmjs.org/has-flag/-/has-flag-3.0.0.tgz. Extracting by manifest.
480 silly tarball no local data for side-channel-map@https://registry.npmjs.org/side-channel-map/-/side-channel-map-1.0.1.tgz. Extracting by manifest.
481 silly tarball no local data for object-inspect@https://registry.npmjs.org/object-inspect/-/object-inspect-1.13.4.tgz. Extracting by manifest.
482 silly tarball no local data for side-channel-list@https://registry.npmjs.org/side-channel-list/-/side-channel-list-1.0.0.tgz. Extracting by manifest.
483 silly tarball no local data for mime@https://registry.npmjs.org/mime/-/mime-1.6.0.tgz. Extracting by manifest.
484 silly tarball no local data for side-channel@https://registry.npmjs.org/side-channel/-/side-channel-1.1.0.tgz. Extracting by manifest.
485 silly tarball no local data for ipaddr.js@https://registry.npmjs.org/ipaddr.js/-/ipaddr.js-1.9.1.tgz. Extracting by manifest.
486 silly tarball no local data for forwarded@https://registry.npmjs.org/forwarded/-/forwarded-0.2.0.tgz. Extracting by manifest.
487 silly tarball no local data for xtend@https://registry.npmjs.org/xtend/-/xtend-4.0.2.tgz. Extracting by manifest.
488 silly tarball no local data for split2@https://registry.npmjs.org/split2/-/split2-4.2.0.tgz. Extracting by manifest.
489 silly tarball no local data for postgres-date@https://registry.npmjs.org/postgres-date/-/postgres-date-1.0.7.tgz. Extracting by manifest.
490 silly tarball no local data for pg-int8@https://registry.npmjs.org/pg-int8/-/pg-int8-1.0.1.tgz. Extracting by manifest.
491 silly tarball no local data for postgres-interval@https://registry.npmjs.org/postgres-interval/-/postgres-interval-1.2.0.tgz. Extracting by manifest.
492 silly tarball no local data for postgres-bytea@https://registry.npmjs.org/postgres-bytea/-/postgres-bytea-1.0.0.tgz. Extracting by manifest.
493 silly tarball no local data for postgres-array@https://registry.npmjs.org/postgres-array/-/postgres-array-2.0.0.tgz. Extracting by manifest.
494 silly tarball no local data for pg-types@https://registry.npmjs.org/pg-types/-/pg-types-2.2.0.tgz. Extracting by manifest.
495 silly tarball no local data for pg-pool@https://registry.npmjs.org/pg-pool/-/pg-pool-3.10.1.tgz. Extracting by manifest.
496 silly tarball no local data for pgpass@https://registry.npmjs.org/pgpass/-/pgpass-1.0.5.tgz. Extracting by manifest.
497 silly tarball no local data for pg-protocol@https://registry.npmjs.org/pg-protocol/-/pg-protocol-1.10.3.tgz. Extracting by manifest.
498 silly tarball no local data for pg-connection-string@https://registry.npmjs.org/pg-connection-string/-/pg-connection-string-2.9.1.tgz. Extracting by manifest.
499 silly tarball no local data for balanced-match@https://registry.npmjs.org/balanced-match/-/balanced-match-1.0.2.tgz. Extracting by manifest.
500 silly tarball no local data for concat-map@https://registry.npmjs.org/concat-map/-/concat-map-0.0.1.tgz. Extracting by manifest.
501 silly tarball no local data for pg-cloudflare@https://registry.npmjs.org/pg-cloudflare/-/pg-cloudflare-1.2.7.tgz. Extracting by manifest.
502 silly tarball no local data for brace-expansion@https://registry.npmjs.org/brace-expansion/-/brace-expansion-1.1.12.tgz. Extracting by manifest.
503 silly tarball no local data for ee-first@https://registry.npmjs.org/ee-first/-/ee-first-1.1.1.tgz. Extracting by manifest.
504 silly tarball no local data for binary-extensions@https://registry.npmjs.org/binary-extensions/-/binary-extensions-2.3.0.tgz. Extracting by manifest.
505 silly tarball no local data for is-extglob@https://registry.npmjs.org/is-extglob/-/is-extglob-2.1.1.tgz. Extracting by manifest.
506 silly tarball no local data for to-regex-range@https://registry.npmjs.org/to-regex-range/-/to-regex-range-5.0.1.tgz. Extracting by manifest.
507 silly tarball no local data for picomatch@https://registry.npmjs.org/picomatch/-/picomatch-2.3.1.tgz. Extracting by manifest.
508 silly tarball no local data for normalize-path@https://registry.npmjs.org/normalize-path/-/normalize-path-3.0.0.tgz. Extracting by manifest.
509 silly tarball no local data for fill-range@https://registry.npmjs.org/fill-range/-/fill-range-7.1.1.tgz. Extracting by manifest.
510 silly tarball no local data for readdirp@https://registry.npmjs.org/readdirp/-/readdirp-3.6.0.tgz. Extracting by manifest.
511 silly tarball no local data for is-glob@https://registry.npmjs.org/is-glob/-/is-glob-4.0.3.tgz. Extracting by manifest.
512 silly tarball no local data for glob-parent@https://registry.npmjs.org/glob-parent/-/glob-parent-5.1.2.tgz. Extracting by manifest.
513 silly tarball no local data for is-binary-path@https://registry.npmjs.org/is-binary-path/-/is-binary-path-2.1.0.tgz. Extracting by manifest.
514 silly tarball no local data for braces@https://registry.npmjs.org/braces/-/braces-3.0.3.tgz. Extracting by manifest.
515 silly tarball no local data for anymatch@https://registry.npmjs.org/anymatch/-/anymatch-3.1.3.tgz. Extracting by manifest.
516 silly tarball no local data for undefsafe@https://registry.npmjs.org/undefsafe/-/undefsafe-2.0.5.tgz. Extracting by manifest.
517 silly tarball no local data for touch@https://registry.npmjs.org/touch/-/touch-3.1.1.tgz. Extracting by manifest.
518 silly tarball no local data for supports-color@https://registry.npmjs.org/supports-color/-/supports-color-5.5.0.tgz. Extracting by manifest.
519 silly tarball no local data for simple-update-notifier@https://registry.npmjs.org/simple-update-notifier/-/simple-update-notifier-2.0.0.tgz. Extracting by manifest.
520 silly tarball no local data for semver@https://registry.npmjs.org/semver/-/semver-7.7.3.tgz. Extracting by manifest.
521 silly tarball no local data for minimatch@https://registry.npmjs.org/minimatch/-/minimatch-3.1.2.tgz. Extracting by manifest.
522 silly tarball no local data for pstree.remy@https://registry.npmjs.org/pstree.remy/-/pstree.remy-1.1.8.tgz. Extracting by manifest.
523 silly tarball no local data for ignore-by-default@https://registry.npmjs.org/ignore-by-default/-/ignore-by-default-1.0.1.tgz. Extracting by manifest.
524 silly tarball no local data for mime-db@https://registry.npmjs.org/mime-db/-/mime-db-1.52.0.tgz. Extracting by manifest.
525 silly tarball no local data for chokidar@https://registry.npmjs.org/chokidar/-/chokidar-3.6.0.tgz. Extracting by manifest.
526 silly tarball no local data for safer-buffer@https://registry.npmjs.org/safer-buffer/-/safer-buffer-2.1.2.tgz. Extracting by manifest.
527 silly tarball no local data for toidentifier@https://registry.npmjs.org/toidentifier/-/toidentifier-1.0.1.tgz. Extracting by manifest.
528 silly tarball no local data for dunder-proto@https://registry.npmjs.org/dunder-proto/-/dunder-proto-1.0.1.tgz. Extracting by manifest.
529 silly tarball no local data for inherits@https://registry.npmjs.org/inherits/-/inherits-2.0.4.tgz. Extracting by manifest.
530 silly tarball no local data for math-intrinsics@https://registry.npmjs.org/math-intrinsics/-/math-intrinsics-1.1.0.tgz. Extracting by manifest.
531 silly tarball no local data for has-symbols@https://registry.npmjs.org/has-symbols/-/has-symbols-1.1.0.tgz. Extracting by manifest.
532 silly tarball no local data for gopd@https://registry.npmjs.org/gopd/-/gopd-1.2.0.tgz. Extracting by manifest.
533 silly tarball no local data for get-proto@https://registry.npmjs.org/get-proto/-/get-proto-1.0.1.tgz. Extracting by manifest.
534 silly tarball no local data for function-bind@https://registry.npmjs.org/function-bind/-/function-bind-1.1.2.tgz. Extracting by manifest.
535 silly tarball no local data for es-object-atoms@https://registry.npmjs.org/es-object-atoms/-/es-object-atoms-1.1.1.tgz. Extracting by manifest.
536 silly tarball no local data for get-intrinsic@https://registry.npmjs.org/get-intrinsic/-/get-intrinsic-1.3.0.tgz. Extracting by manifest.
537 silly tarball no local data for es-define-property@https://registry.npmjs.org/es-define-property/-/es-define-property-1.0.1.tgz. Extracting by manifest.
538 silly tarball no local data for call-bind-apply-helpers@https://registry.npmjs.org/call-bind-apply-helpers/-/call-bind-apply-helpers-1.0.2.tgz. Extracting by manifest.
539 silly tarball no local data for has-tostringtag@https://registry.npmjs.org/has-tostringtag/-/has-tostringtag-1.0.2.tgz. Extracting by manifest.
540 silly tarball no local data for es-errors@https://registry.npmjs.org/es-errors/-/es-errors-1.3.0.tgz. Extracting by manifest.
541 silly tarball no local data for delayed-stream@https://registry.npmjs.org/delayed-stream/-/delayed-stream-1.0.0.tgz. Extracting by manifest.
542 silly tarball no local data for hasown@https://registry.npmjs.org/hasown/-/hasown-2.0.2.tgz. Extracting by manifest.
543 silly tarball no local data for combined-stream@https://registry.npmjs.org/combined-stream/-/combined-stream-1.0.8.tgz. Extracting by manifest.
544 silly tarball no local data for asynckit@https://registry.npmjs.org/asynckit/-/asynckit-0.4.0.tgz. Extracting by manifest.
545 silly tarball no local data for es-set-tostringtag@https://registry.npmjs.org/es-set-tostringtag/-/es-set-tostringtag-2.1.0.tgz. Extracting by manifest.
546 silly tarball no local data for ms@https://registry.npmjs.org/ms/-/ms-2.0.0.tgz. Extracting by manifest.
547 silly tarball no local data for unpipe@https://registry.npmjs.org/unpipe/-/unpipe-1.0.0.tgz. Extracting by manifest.
548 silly tarball no local data for raw-body@https://registry.npmjs.org/raw-body/-/raw-body-2.5.2.tgz. Extracting by manifest.
549 silly tarball no local data for destroy@https://registry.npmjs.org/destroy/-/destroy-1.2.0.tgz. Extracting by manifest.
550 silly tarball no local data for negotiator@https://registry.npmjs.org/negotiator/-/negotiator-0.6.3.tgz. Extracting by manifest.
551 silly tarball no local data for bytes@https://registry.npmjs.org/bytes/-/bytes-3.1.2.tgz. Extracting by manifest.
552 silly tarball no local data for mime-types@https://registry.npmjs.org/mime-types/-/mime-types-2.1.35.tgz. Extracting by manifest.
553 silly tarball no local data for utils-merge@https://registry.npmjs.org/utils-merge/-/utils-merge-1.0.1.tgz. Extracting by manifest.
554 silly tarball no local data for type-is@https://registry.npmjs.org/type-is/-/type-is-1.6.18.tgz. Extracting by manifest.
555 silly tarball no local data for statuses@https://registry.npmjs.org/statuses/-/statuses-2.0.1.tgz. Extracting by manifest.
556 silly tarball no local data for serve-static@https://registry.npmjs.org/serve-static/-/serve-static-1.16.2.tgz. Extracting by manifest.
557 silly tarball no local data for setprototypeof@https://registry.npmjs.org/setprototypeof/-/setprototypeof-1.2.0.tgz. Extracting by manifest.
558 silly tarball no local data for send@https://registry.npmjs.org/send/-/send-0.19.0.tgz. Extracting by manifest.
559 silly tarball no local data for range-parser@https://registry.npmjs.org/range-parser/-/range-parser-1.2.1.tgz. Extracting by manifest.
560 silly tarball no local data for safe-buffer@https://registry.npmjs.org/safe-buffer/-/safe-buffer-5.2.1.tgz. Extracting by manifest.
561 silly tarball no local data for qs@https://registry.npmjs.org/qs/-/qs-6.13.0.tgz. Extracting by manifest.
562 silly tarball no local data for methods@https://registry.npmjs.org/methods/-/methods-1.1.2.tgz. Extracting by manifest.
563 silly tarball no local data for proxy-addr@https://registry.npmjs.org/proxy-addr/-/proxy-addr-2.0.7.tgz. Extracting by manifest.
564 silly tarball no local data for parseurl@https://registry.npmjs.org/parseurl/-/parseurl-1.3.3.tgz. Extracting by manifest.
565 silly tarball no local data for path-to-regexp@https://registry.npmjs.org/path-to-regexp/-/path-to-regexp-0.1.12.tgz. Extracting by manifest.
566 silly tarball no local data for on-finished@https://registry.npmjs.org/on-finished/-/on-finished-2.4.1.tgz. Extracting by manifest.
567 silly tarball no local data for merge-descriptors@https://registry.npmjs.org/merge-descriptors/-/merge-descriptors-1.0.3.tgz. Extracting by manifest.
568 silly tarball no local data for http-errors@https://registry.npmjs.org/http-errors/-/http-errors-2.0.0.tgz. Extracting by manifest.
569 silly tarball no local data for etag@https://registry.npmjs.org/etag/-/etag-1.8.1.tgz. Extracting by manifest.
570 silly tarball no local data for fresh@https://registry.npmjs.org/fresh/-/fresh-0.5.2.tgz. Extracting by manifest.
571 silly tarball no local data for finalhandler@https://registry.npmjs.org/finalhandler/-/finalhandler-1.3.1.tgz. Extracting by manifest.
572 silly tarball no local data for encodeurl@https://registry.npmjs.org/encodeurl/-/encodeurl-2.0.0.tgz. Extracting by manifest.
573 silly tarball no local data for depd@https://registry.npmjs.org/depd/-/depd-2.0.0.tgz. Extracting by manifest.
574 silly tarball no local data for escape-html@https://registry.npmjs.org/escape-html/-/escape-html-1.0.3.tgz. Extracting by manifest.
575 silly tarball no local data for debug@https://registry.npmjs.org/debug/-/debug-2.6.9.tgz. Extracting by manifest.
576 silly tarball no local data for cookie-signature@https://registry.npmjs.org/cookie-signature/-/cookie-signature-1.0.6.tgz. Extracting by manifest.
577 silly tarball no local data for cookie@https://registry.npmjs.org/cookie/-/cookie-0.7.1.tgz. Extracting by manifest.
578 silly tarball no local data for content-disposition@https://registry.npmjs.org/content-disposition/-/content-disposition-0.5.4.tgz. Extracting by manifest.
579 silly tarball no local data for body-parser@https://registry.npmjs.org/body-parser/-/body-parser-1.20.3.tgz. Extracting by manifest.
580 silly tarball no local data for array-flatten@https://registry.npmjs.org/array-flatten/-/array-flatten-1.1.1.tgz. Extracting by manifest.
581 silly tarball no local data for content-type@https://registry.npmjs.org/content-type/-/content-type-1.0.5.tgz. Extracting by manifest.
582 silly tarball no local data for accepts@https://registry.npmjs.org/accepts/-/accepts-1.3.8.tgz. Extracting by manifest.
583 silly tarball no local data for whatwg-encoding@https://registry.npmjs.org/whatwg-encoding/-/whatwg-encoding-3.1.1.tgz. Extracting by manifest.
584 silly tarball no local data for iconv-lite@https://registry.npmjs.org/iconv-lite/-/iconv-lite-0.6.3.tgz. Extracting by manifest.
585 silly tarball no local data for entities@https://registry.npmjs.org/entities/-/entities-4.5.0.tgz. Extracting by manifest.
586 silly tarball no local data for nth-check@https://registry.npmjs.org/nth-check/-/nth-check-2.1.1.tgz. Extracting by manifest.
587 silly tarball no local data for object-assign@https://registry.npmjs.org/object-assign/-/object-assign-4.1.1.tgz. Extracting by manifest.
588 silly tarball no local data for domelementtype@https://registry.npmjs.org/domelementtype/-/domelementtype-2.3.0.tgz. Extracting by manifest.
589 silly tarball no local data for css-what@https://registry.npmjs.org/css-what/-/css-what-6.2.2.tgz. Extracting by manifest.
590 silly tarball no local data for vary@https://registry.npmjs.org/vary/-/vary-1.1.2.tgz. Extracting by manifest.
591 silly tarball no local data for css-select@https://registry.npmjs.org/css-select/-/css-select-5.2.2.tgz. Extracting by manifest.
592 silly tarball no local data for boolbase@https://registry.npmjs.org/boolbase/-/boolbase-1.0.0.tgz. Extracting by manifest.
593 silly tarball no local data for whatwg-mimetype@https://registry.npmjs.org/whatwg-mimetype/-/whatwg-mimetype-4.0.0.tgz. Extracting by manifest.
594 silly tarball no local data for undici@https://registry.npmjs.org/undici/-/undici-7.16.0.tgz. Extracting by manifest.
595 silly tarball no local data for parse5-parser-stream@https://registry.npmjs.org/parse5-parser-stream/-/parse5-parser-stream-7.1.2.tgz. Extracting by manifest.
596 silly tarball no local data for parse5-htmlparser2-tree-adapter@https://registry.npmjs.org/parse5-htmlparser2-tree-adapter/-/parse5-htmlparser2-tree-adapter-7.1.0.tgz. Extracting by manifest.
597 silly tarball no local data for htmlparser2@https://registry.npmjs.org/htmlparser2/-/htmlparser2-10.0.0.tgz. Extracting by manifest.
598 silly tarball no local data for parse5@https://registry.npmjs.org/parse5/-/parse5-7.3.0.tgz. Extracting by manifest.
599 silly tarball no local data for encoding-sniffer@https://registry.npmjs.org/encoding-sniffer/-/encoding-sniffer-0.2.1.tgz. Extracting by manifest.
600 silly tarball no local data for domutils@https://registry.npmjs.org/domutils/-/domutils-3.2.2.tgz. Extracting by manifest.
601 silly tarball no local data for domhandler@https://registry.npmjs.org/domhandler/-/domhandler-5.0.3.tgz. Extracting by manifest.
602 silly tarball no local data for dom-serializer@https://registry.npmjs.org/dom-serializer/-/dom-serializer-2.0.0.tgz. Extracting by manifest.
603 silly tarball no local data for form-data@https://registry.npmjs.org/form-data/-/form-data-4.0.5.tgz. Extracting by manifest.
604 silly tarball no local data for proxy-from-env@https://registry.npmjs.org/proxy-from-env/-/proxy-from-env-1.1.0.tgz. Extracting by manifest.
605 silly tarball no local data for follow-redirects@https://registry.npmjs.org/follow-redirects/-/follow-redirects-1.15.11.tgz. Extracting by manifest.
606 silly tarball no local data for pg@https://registry.npmjs.org/pg/-/pg-8.16.3.tgz. Extracting by manifest.
607 silly tarball no local data for cheerio-select@https://registry.npmjs.org/cheerio-select/-/cheerio-select-2.1.0.tgz. Extracting by manifest.
608 silly tarball no local data for nodemon@https://registry.npmjs.org/nodemon/-/nodemon-3.1.11.tgz. Extracting by manifest.
609 silly tarball no local data for express@https://registry.npmjs.org/express/-/express-4.21.2.tgz. Extracting by manifest.
610 silly tarball no local data for dotenv@https://registry.npmjs.org/dotenv/-/dotenv-16.6.1.tgz. Extracting by manifest.
611 silly tarball no local data for cors@https://registry.npmjs.org/cors/-/cors-2.8.5.tgz. Extracting by manifest.
612 silly tarball no local data for iconv-lite@https://registry.npmjs.org/iconv-lite/-/iconv-lite-0.4.24.tgz. Extracting by manifest.
613 silly tarball no local data for cheerio@https://registry.npmjs.org/cheerio/-/cheerio-1.1.2.tgz. Extracting by manifest.
614 silly tarball no local data for axios@https://registry.npmjs.org/axios/-/axios-1.13.2.tgz. Extracting by manifest.
615 silly tarball no local data for ms@https://registry.npmjs.org/ms/-/ms-2.1.3.tgz. Extracting by manifest.
616 silly tarball no local data for iconv-lite@https://registry.npmjs.org/iconv-lite/-/iconv-lite-0.4.24.tgz. Extracting by manifest.
617 silly tarball no local data for entities@https://registry.npmjs.org/entities/-/entities-6.0.1.tgz. Extracting by manifest.
618 silly tarball no local data for encodeurl@https://registry.npmjs.org/encodeurl/-/encodeurl-1.0.2.tgz. Extracting by manifest.
619 silly tarball no local data for entities@https://registry.npmjs.org/entities/-/entities-6.0.1.tgz. Extracting by manifest.
620 silly tarball no local data for ms@https://registry.npmjs.org/ms/-/ms-2.1.3.tgz. Extracting by manifest.
621 silly tarball no local data for debug@https://registry.npmjs.org/debug/-/debug-4.4.3.tgz. Extracting by manifest.
622 http fetch POST 200 https://registry.npmjs.org/-/npm/v1/security/advisories/bulk 270ms
623 silly audit report {}
624 http fetch GET 200 https://registry.npmjs.org/postgres-bytea/-/postgres-bytea-1.0.0.tgz 434ms (cache miss)
625 http fetch GET 200 https://registry.npmjs.org/forwarded/-/forwarded-0.2.0.tgz 451ms (cache miss)
626 http fetch GET 200 https://registry.npmjs.org/split2/-/split2-4.2.0.tgz 451ms (cache miss)
627 http fetch GET 200 https://registry.npmjs.org/has-flag/-/has-flag-3.0.0.tgz 458ms (cache miss)
628 http fetch GET 200 https://registry.npmjs.org/side-channel/-/side-channel-1.1.0.tgz 455ms (cache miss)
629 http fetch GET 200 https://registry.npmjs.org/postgres-array/-/postgres-array-2.0.0.tgz 451ms (cache miss)
630 http fetch GET 200 https://registry.npmjs.org/is-number/-/is-number-7.0.0.tgz 484ms (cache miss)
631 http fetch GET 200 https://registry.npmjs.org/postgres-interval/-/postgres-interval-1.2.0.tgz 493ms (cache miss)
632 http fetch GET 200 https://registry.npmjs.org/postgres-date/-/postgres-date-1.0.7.tgz 494ms (cache miss)
633 http fetch GET 200 https://registry.npmjs.org/balanced-match/-/balanced-match-1.0.2.tgz 487ms (cache miss)
634 http fetch GET 200 https://registry.npmjs.org/media-typer/-/media-typer-0.3.0.tgz 509ms (cache miss)
635 http fetch GET 200 https://registry.npmjs.org/side-channel-map/-/side-channel-map-1.0.1.tgz 504ms (cache miss)
636 http fetch GET 200 https://registry.npmjs.org/xtend/-/xtend-4.0.2.tgz 500ms (cache miss)
637 http fetch GET 200 https://registry.npmjs.org/pgpass/-/pgpass-1.0.5.tgz 514ms (cache miss)
638 http fetch GET 200 https://registry.npmjs.org/binary-extensions/-/binary-extensions-2.3.0.tgz 511ms (cache miss)
639 http fetch GET 200 https://registry.npmjs.org/ee-first/-/ee-first-1.1.1.tgz 536ms (cache miss)
640 http fetch GET 200 https://registry.npmjs.org/pg-int8/-/pg-int8-1.0.1.tgz 550ms (cache miss)
641 http fetch GET 200 https://registry.npmjs.org/brace-expansion/-/brace-expansion-1.1.12.tgz 554ms (cache miss)
642 http fetch GET 200 https://registry.npmjs.org/concat-map/-/concat-map-0.0.1.tgz 558ms (cache miss)
643 http fetch GET 200 https://registry.npmjs.org/is-extglob/-/is-extglob-2.1.1.tgz 555ms (cache miss)
644 http fetch GET 200 https://registry.npmjs.org/anymatch/-/anymatch-3.1.3.tgz 551ms (cache miss)
645 http fetch GET 200 https://registry.npmjs.org/to-regex-range/-/to-regex-range-5.0.1.tgz 581ms (cache miss)
646 http fetch GET 200 https://registry.npmjs.org/normalize-path/-/normalize-path-3.0.0.tgz 580ms (cache miss)
647 http fetch GET 200 https://registry.npmjs.org/is-binary-path/-/is-binary-path-2.1.0.tgz 579ms (cache miss)
648 http fetch GET 200 https://registry.npmjs.org/glob-parent/-/glob-parent-5.1.2.tgz 579ms (cache miss)
649 http fetch GET 200 https://registry.npmjs.org/pg-pool/-/pg-pool-3.10.1.tgz 592ms (cache miss)
650 http fetch GET 200 https://registry.npmjs.org/readdirp/-/readdirp-3.6.0.tgz 635ms (cache miss)
651 http fetch GET 200 https://registry.npmjs.org/undefsafe/-/undefsafe-2.0.5.tgz 633ms (cache miss)
652 http fetch GET 200 https://registry.npmjs.org/supports-color/-/supports-color-5.5.0.tgz 632ms (cache miss)
653 http fetch GET 200 https://registry.npmjs.org/toidentifier/-/toidentifier-1.0.1.tgz 624ms (cache miss)
654 http fetch GET 200 https://registry.npmjs.org/fill-range/-/fill-range-7.1.1.tgz 642ms (cache miss)
655 http fetch GET 200 https://registry.npmjs.org/pstree.remy/-/pstree.remy-1.1.8.tgz 638ms (cache miss)
656 http fetch GET 200 https://registry.npmjs.org/ignore-by-default/-/ignore-by-default-1.0.1.tgz 665ms (cache miss)
657 http fetch GET 200 https://registry.npmjs.org/touch/-/touch-3.1.1.tgz 670ms (cache miss)
658 http fetch GET 200 https://registry.npmjs.org/pg-connection-string/-/pg-connection-string-2.9.1.tgz 692ms (cache miss)
659 http fetch GET 200 https://registry.npmjs.org/is-glob/-/is-glob-4.0.3.tgz 686ms (cache miss)
660 http fetch GET 200 https://registry.npmjs.org/gopd/-/gopd-1.2.0.tgz 672ms (cache miss)
661 http fetch GET 200 https://registry.npmjs.org/ipaddr.js/-/ipaddr.js-1.9.1.tgz 746ms (cache miss)
662 http fetch GET 200 https://registry.npmjs.org/minimatch/-/minimatch-3.1.2.tgz 725ms (cache miss)
663 http fetch GET 200 https://registry.npmjs.org/inherits/-/inherits-2.0.4.tgz 717ms (cache miss)
664 http fetch GET 200 https://registry.npmjs.org/safer-buffer/-/safer-buffer-2.1.2.tgz 747ms (cache miss)
665 http fetch GET 200 https://registry.npmjs.org/es-object-atoms/-/es-object-atoms-1.1.1.tgz 740ms (cache miss)
666 http fetch GET 200 https://registry.npmjs.org/function-bind/-/function-bind-1.1.2.tgz 799ms (cache miss)
667 http fetch GET 200 https://registry.npmjs.org/get-intrinsic/-/get-intrinsic-1.3.0.tgz 799ms (cache miss)
668 http fetch GET 200 https://registry.npmjs.org/ms/-/ms-2.0.0.tgz 811ms (cache miss)
669 http fetch GET 200 https://registry.npmjs.org/combined-stream/-/combined-stream-1.0.8.tgz 813ms (cache miss)
670 http fetch GET 200 https://registry.npmjs.org/es-set-tostringtag/-/es-set-tostringtag-2.1.0.tgz 812ms (cache miss)
671 http fetch GET 200 https://registry.npmjs.org/unpipe/-/unpipe-1.0.0.tgz 818ms (cache miss)
672 http fetch GET 200 https://registry.npmjs.org/utils-merge/-/utils-merge-1.0.1.tgz 816ms (cache miss)
673 http fetch GET 200 https://registry.npmjs.org/es-define-property/-/es-define-property-1.0.1.tgz 840ms (cache miss)
674 http fetch GET 200 https://registry.npmjs.org/asynckit/-/asynckit-0.4.0.tgz 841ms (cache miss)
675 http fetch GET 200 https://registry.npmjs.org/hasown/-/hasown-2.0.2.tgz 843ms (cache miss)
676 http fetch GET 200 https://registry.npmjs.org/destroy/-/destroy-1.2.0.tgz 850ms (cache miss)
677 http fetch GET 200 https://registry.npmjs.org/bytes/-/bytes-3.1.2.tgz 850ms (cache miss)
678 http fetch GET 200 https://registry.npmjs.org/range-parser/-/range-parser-1.2.1.tgz 842ms (cache miss)
679 http fetch GET 200 https://registry.npmjs.org/on-finished/-/on-finished-2.4.1.tgz 839ms (cache miss)
680 http fetch GET 200 https://registry.npmjs.org/encodeurl/-/encodeurl-2.0.0.tgz 836ms (cache miss)
681 http fetch GET 200 https://registry.npmjs.org/send/-/send-0.19.0.tgz 860ms (cache miss)
682 http fetch GET 200 https://registry.npmjs.org/setprototypeof/-/setprototypeof-1.2.0.tgz 861ms (cache miss)
683 http fetch GET 200 https://registry.npmjs.org/mime-types/-/mime-types-2.1.35.tgz 876ms (cache miss)
684 http fetch GET 200 https://registry.npmjs.org/type-is/-/type-is-1.6.18.tgz 872ms (cache miss)
685 http fetch GET 200 https://registry.npmjs.org/statuses/-/statuses-2.0.1.tgz 871ms (cache miss)
686 http fetch GET 200 https://registry.npmjs.org/parseurl/-/parseurl-1.3.3.tgz 867ms (cache miss)
687 http fetch GET 200 https://registry.npmjs.org/methods/-/methods-1.1.2.tgz 869ms (cache miss)
688 http fetch GET 200 https://registry.npmjs.org/path-to-regexp/-/path-to-regexp-0.1.12.tgz 869ms (cache miss)
689 http fetch GET 200 https://registry.npmjs.org/merge-descriptors/-/merge-descriptors-1.0.3.tgz 868ms (cache miss)
690 http fetch GET 200 https://registry.npmjs.org/finalhandler/-/finalhandler-1.3.1.tgz 874ms (cache miss)
691 http fetch GET 200 https://registry.npmjs.org/cookie-signature/-/cookie-signature-1.0.6.tgz 874ms (cache miss)
692 http fetch GET 200 https://registry.npmjs.org/escape-html/-/escape-html-1.0.3.tgz 876ms (cache miss)
693 http fetch GET 200 https://registry.npmjs.org/serve-static/-/serve-static-1.16.2.tgz 895ms (cache miss)
694 http fetch GET 200 https://registry.npmjs.org/css-what/-/css-what-6.2.2.tgz 876ms (cache miss)
695 http fetch GET 200 https://registry.npmjs.org/delayed-stream/-/delayed-stream-1.0.0.tgz 911ms (cache miss)
696 http fetch GET 200 https://registry.npmjs.org/http-errors/-/http-errors-2.0.0.tgz 897ms (cache miss)
697 http fetch GET 200 https://registry.npmjs.org/safe-buffer/-/safe-buffer-5.2.1.tgz 902ms (cache miss)
698 http fetch GET 200 https://registry.npmjs.org/proxy-addr/-/proxy-addr-2.0.7.tgz 901ms (cache miss)
699 http fetch GET 200 https://registry.npmjs.org/fresh/-/fresh-0.5.2.tgz 897ms (cache miss)
700 http fetch GET 200 https://registry.npmjs.org/content-disposition/-/content-disposition-0.5.4.tgz 906ms (cache miss)
701 http fetch GET 200 https://registry.npmjs.org/body-parser/-/body-parser-1.20.3.tgz 906ms (cache miss)
702 http fetch GET 200 https://registry.npmjs.org/content-type/-/content-type-1.0.5.tgz 905ms (cache miss)
703 http fetch GET 200 https://registry.npmjs.org/etag/-/etag-1.8.1.tgz 912ms (cache miss)
704 http fetch GET 200 https://registry.npmjs.org/whatwg-encoding/-/whatwg-encoding-3.1.1.tgz 905ms (cache miss)
705 http fetch GET 200 https://registry.npmjs.org/array-flatten/-/array-flatten-1.1.1.tgz 907ms (cache miss)
706 http fetch GET 200 https://registry.npmjs.org/accepts/-/accepts-1.3.8.tgz 906ms (cache miss)
707 http fetch GET 200 https://registry.npmjs.org/domelementtype/-/domelementtype-2.3.0.tgz 901ms (cache miss)
708 http fetch GET 200 https://registry.npmjs.org/object-assign/-/object-assign-4.1.1.tgz 905ms (cache miss)
709 http fetch GET 200 https://registry.npmjs.org/boolbase/-/boolbase-1.0.0.tgz 904ms (cache miss)
710 http fetch GET 200 https://registry.npmjs.org/parse5-htmlparser2-tree-adapter/-/parse5-htmlparser2-tree-adapter-7.1.0.tgz 909ms (cache miss)
711 http fetch GET 200 https://registry.npmjs.org/parse5-parser-stream/-/parse5-parser-stream-7.1.2.tgz 911ms (cache miss)
712 http fetch GET 200 https://registry.npmjs.org/follow-redirects/-/follow-redirects-1.15.11.tgz 908ms (cache miss)
713 http fetch GET 200 https://registry.npmjs.org/vary/-/vary-1.1.2.tgz 922ms (cache miss)
714 http fetch GET 200 https://registry.npmjs.org/domhandler/-/domhandler-5.0.3.tgz 929ms (cache miss)
715 http fetch GET 200 https://registry.npmjs.org/cookie/-/cookie-0.7.1.tgz 949ms (cache miss)
716 http fetch GET 200 https://registry.npmjs.org/call-bound/-/call-bound-1.0.4.tgz 1019ms (cache miss)
717 http fetch GET 200 https://registry.npmjs.org/raw-body/-/raw-body-2.5.2.tgz 975ms (cache miss)
718 http fetch GET 200 https://registry.npmjs.org/depd/-/depd-2.0.0.tgz 959ms (cache miss)
719 http fetch GET 200 https://registry.npmjs.org/cors/-/cors-2.8.5.tgz 938ms (cache miss)
720 http fetch GET 200 https://registry.npmjs.org/debug/-/debug-4.4.3.tgz 928ms (cache miss)
721 http fetch GET 200 https://registry.npmjs.org/mime-db/-/mime-db-1.52.0.tgz 1002ms (cache miss)
722 http fetch GET 200 https://registry.npmjs.org/ms/-/ms-2.1.3.tgz 935ms (cache miss)
723 http fetch GET 200 https://registry.npmjs.org/side-channel-weakmap/-/side-channel-weakmap-1.0.2.tgz 1038ms (cache miss)
724 http fetch GET 200 https://registry.npmjs.org/braces/-/braces-3.0.3.tgz 1017ms (cache miss)
725 http fetch GET 200 https://registry.npmjs.org/ms/-/ms-2.1.3.tgz 949ms (cache miss)
726 http fetch GET 200 https://registry.npmjs.org/encodeurl/-/encodeurl-1.0.2.tgz 946ms (cache miss)
727 http fetch GET 200 https://registry.npmjs.org/picomatch/-/picomatch-2.3.1.tgz 1024ms (cache miss)
728 http fetch GET 200 https://registry.npmjs.org/side-channel-list/-/side-channel-list-1.0.0.tgz 1051ms (cache miss)
729 http fetch GET 200 https://registry.npmjs.org/chokidar/-/chokidar-3.6.0.tgz 1027ms (cache miss)
730 http fetch GET 200 https://registry.npmjs.org/negotiator/-/negotiator-0.6.3.tgz 1011ms (cache miss)
731 http fetch GET 200 https://registry.npmjs.org/mime/-/mime-1.6.0.tgz 1057ms (cache miss)
732 http fetch GET 200 https://registry.npmjs.org/proxy-from-env/-/proxy-from-env-1.1.0.tgz 978ms (cache miss)
733 http fetch GET 200 https://registry.npmjs.org/pg-types/-/pg-types-2.2.0.tgz 1064ms (cache miss)
734 http fetch GET 200 https://registry.npmjs.org/whatwg-mimetype/-/whatwg-mimetype-4.0.0.tgz 998ms (cache miss)
735 http fetch GET 200 https://registry.npmjs.org/pg-cloudflare/-/pg-cloudflare-1.2.7.tgz 1062ms (cache miss)
736 http fetch GET 200 https://registry.npmjs.org/form-data/-/form-data-4.0.5.tgz 1004ms (cache miss)
737 http fetch GET 200 https://registry.npmjs.org/dunder-proto/-/dunder-proto-1.0.1.tgz 1068ms (cache miss)
738 http fetch GET 200 https://registry.npmjs.org/simple-update-notifier/-/simple-update-notifier-2.0.0.tgz 1081ms (cache miss)
739 http fetch GET 200 https://registry.npmjs.org/get-proto/-/get-proto-1.0.1.tgz 1079ms (cache miss)
740 http fetch GET 200 https://registry.npmjs.org/dotenv/-/dotenv-16.6.1.tgz 1041ms (cache miss)
741 http fetch GET 200 https://registry.npmjs.org/has-tostringtag/-/has-tostringtag-1.0.2.tgz 1088ms (cache miss)
742 http fetch GET 200 https://registry.npmjs.org/has-symbols/-/has-symbols-1.1.0.tgz 1096ms (cache miss)
743 http fetch GET 200 https://registry.npmjs.org/debug/-/debug-2.6.9.tgz 1090ms (cache miss)
744 http fetch GET 200 https://registry.npmjs.org/dom-serializer/-/dom-serializer-2.0.0.tgz 1076ms (cache miss)
745 http fetch GET 200 https://registry.npmjs.org/call-bind-apply-helpers/-/call-bind-apply-helpers-1.0.2.tgz 1133ms (cache miss)
746 http fetch GET 200 https://registry.npmjs.org/es-errors/-/es-errors-1.3.0.tgz 1139ms (cache miss)
747 http fetch GET 200 https://registry.npmjs.org/qs/-/qs-6.13.0.tgz 1136ms (cache miss)
748 http fetch GET 200 https://registry.npmjs.org/express/-/express-4.21.2.tgz 1111ms (cache miss)
749 http fetch GET 200 https://registry.npmjs.org/pg/-/pg-8.16.3.tgz 1136ms (cache miss)
750 http fetch GET 200 https://registry.npmjs.org/encoding-sniffer/-/encoding-sniffer-0.2.1.tgz 1146ms (cache miss)
751 http fetch GET 200 https://registry.npmjs.org/nth-check/-/nth-check-2.1.1.tgz 1164ms (cache miss)
752 http fetch GET 200 https://registry.npmjs.org/cheerio-select/-/cheerio-select-2.1.0.tgz 1170ms (cache miss)
753 http fetch GET 200 https://registry.npmjs.org/object-inspect/-/object-inspect-1.13.4.tgz 1259ms (cache miss)
754 http fetch GET 200 https://registry.npmjs.org/iconv-lite/-/iconv-lite-0.4.24.tgz 1187ms (cache miss)
755 http fetch GET 200 https://registry.npmjs.org/iconv-lite/-/iconv-lite-0.4.24.tgz 1184ms (cache miss)
756 http fetch GET 200 https://registry.npmjs.org/math-intrinsics/-/math-intrinsics-1.1.0.tgz 1246ms (cache miss)
757 http fetch GET 200 https://registry.npmjs.org/iconv-lite/-/iconv-lite-0.6.3.tgz 1228ms (cache miss)
758 http fetch GET 200 https://registry.npmjs.org/pg-protocol/-/pg-protocol-1.10.3.tgz 1286ms (cache miss)
759 http fetch GET 200 https://registry.npmjs.org/nodemon/-/nodemon-3.1.11.tgz 1246ms (cache miss)
760 http fetch GET 200 https://registry.npmjs.org/semver/-/semver-7.7.3.tgz 1312ms (cache miss)
761 http fetch GET 200 https://registry.npmjs.org/domutils/-/domutils-3.2.2.tgz 1306ms (cache miss)
762 http fetch GET 200 https://registry.npmjs.org/htmlparser2/-/htmlparser2-10.0.0.tgz 1312ms (cache miss)
763 http fetch GET 200 https://registry.npmjs.org/entities/-/entities-4.5.0.tgz 1329ms (cache miss)
764 http fetch GET 200 https://registry.npmjs.org/parse5/-/parse5-7.3.0.tgz 1341ms (cache miss)
765 http fetch GET 200 https://registry.npmjs.org/entities/-/entities-6.0.1.tgz 1356ms (cache miss)
766 http fetch GET 200 https://registry.npmjs.org/entities/-/entities-6.0.1.tgz 1355ms (cache miss)
767 http fetch GET 200 https://registry.npmjs.org/css-select/-/css-select-5.2.2.tgz 1404ms (cache miss)
768 http fetch GET 200 https://registry.npmjs.org/axios/-/axios-1.13.2.tgz 1417ms (cache miss)
769 http fetch GET 200 https://registry.npmjs.org/undici/-/undici-7.16.0.tgz 1543ms (cache miss)
770 http fetch GET 200 https://registry.npmjs.org/cheerio/-/cheerio-1.1.2.tgz 1581ms (cache miss)
771 silly ADD node_modules/media-typer
772 silly ADD node_modules/is-number
773 silly ADD node_modules/has-flag
774 silly ADD node_modules/call-bound
775 silly ADD node_modules/side-channel-weakmap
776 silly ADD node_modules/side-channel-map
777 silly ADD node_modules/side-channel-list
778 silly ADD node_modules/object-inspect
779 silly ADD node_modules/mime
780 silly ADD node_modules/side-channel
781 silly ADD node_modules/ipaddr.js
782 silly ADD node_modules/forwarded
783 silly ADD node_modules/xtend
784 silly ADD node_modules/split2
785 silly ADD node_modules/postgres-interval
786 silly ADD node_modules/postgres-date
787 silly ADD node_modules/postgres-bytea
788 silly ADD node_modules/postgres-array
789 silly ADD node_modules/pg-int8
790 silly ADD node_modules/pgpass
791 silly ADD node_modules/pg-types
792 silly ADD node_modules/pg-protocol
793 silly ADD node_modules/pg-pool
794 silly ADD node_modules/pg-connection-string
795 silly ADD node_modules/pg-cloudflare
796 silly ADD node_modules/ee-first
797 silly ADD node_modules/concat-map
798 silly ADD node_modules/balanced-match
799 silly ADD node_modules/brace-expansion
800 silly ADD node_modules/is-extglob
801 silly ADD node_modules/binary-extensions
802 silly ADD node_modules/to-regex-range
803 silly ADD node_modules/fill-range
804 silly ADD node_modules/picomatch
805 silly ADD node_modules/readdirp
806 silly ADD node_modules/normalize-path
807 silly ADD node_modules/is-glob
808 silly ADD node_modules/is-binary-path
809 silly ADD node_modules/glob-parent
810 silly ADD
811 silly ADD node_modules/braces
812 silly ADD node_modules/anymatch
813 silly ADD node_modules/undefsafe
814 silly ADD node_modules/touch
815 silly ADD node_modules/supports-color
816 silly ADD node_modules/simple-update-notifier
817 silly ADD node_modules/semver
818 silly ADD node_modules/pstree.remy
819 silly ADD node_modules/minimatch
820 silly ADD node_modules/ignore-by-default
821 silly ADD node_modules/chokidar
822 silly ADD node_modules/mime-db
823 silly ADD node_modules/safer-buffer
824 silly ADD node_modules/toidentifier
825 silly ADD node_modules/inherits
826 silly ADD node_modules/dunder-proto
827 silly ADD node_modules/math-intrinsics
828 silly ADD node_modules/has-symbols
829 silly ADD node_modules/gopd
830 silly ADD node_modules/get-proto
831 silly ADD node_modules/function-bind
832 silly ADD node_modules/es-object-atoms
833 silly ADD node_modules/es-define-property
834 silly ADD node_modules/call-bind-apply-helpers
835 silly ADD node_modules/has-tostringtag
836 silly ADD node_modules/get-intrinsic
837 silly ADD node_modules/es-errors
838 silly ADD node_modules/delayed-stream
839 silly ADD node_modules/hasown
840 silly ADD node_modules/es-set-tostringtag
841 silly ADD node_modules/combined-stream
842 silly ADD node_modules/asynckit
843 silly ADD node_modules/ms
844 silly ADD node_modules/unpipe
845 silly ADD node_modules/raw-body
846 silly ADD node_modules/raw-body/node_modules/iconv-lite
847 silly ADD node_modules/destroy
848 silly ADD node_modules/bytes
849 silly ADD node_modules/negotiator
850 silly ADD node_modules/mime-types
851 silly ADD node_modules/utils-merge
852 silly ADD node_modules/type-is
853 silly ADD node_modules/statuses
854 silly ADD node_modules/setprototypeof
855 silly ADD node_modules/serve-static
856 silly ADD node_modules/send
857 silly ADD node_modules/send/node_modules/ms
858 silly ADD node_modules/send/node_modules/encodeurl
859 silly ADD node_modules/safe-buffer
860 silly ADD node_modules/range-parser
861 silly ADD node_modules/qs
862 silly ADD node_modules/proxy-addr
863 silly ADD node_modules/path-to-regexp
864 silly ADD node_modules/parseurl
865 silly ADD node_modules/on-finished
866 silly ADD node_modules/methods
867 silly ADD node_modules/merge-descriptors
868 silly ADD node_modules/http-errors
869 silly ADD node_modules/fresh
870 silly ADD node_modules/finalhandler
871 silly ADD node_modules/etag
872 silly ADD node_modules/escape-html
873 silly ADD node_modules/encodeurl
874 silly ADD node_modules/depd
875 silly ADD node_modules/debug
876 silly ADD node_modules/cookie-signature
877 silly ADD node_modules/cookie
878 silly ADD node_modules/content-type
879 silly ADD node_modules/content-disposition
880 silly ADD node_modules/body-parser
881 silly ADD node_modules/body-parser/node_modules/iconv-lite
882 silly ADD node_modules/array-flatten
883 silly ADD node_modules/accepts
884 silly ADD node_modules/whatwg-encoding
885 silly ADD node_modules/iconv-lite
886 silly ADD node_modules/entities
887 silly ADD node_modules/nth-check
888 silly ADD node_modules/vary
889 silly ADD node_modules/object-assign
890 silly ADD node_modules/domelementtype
891 silly ADD node_modules/css-what
892 silly ADD node_modules/css-select
893 silly ADD node_modules/boolbase
894 silly ADD node_modules/whatwg-mimetype
895 silly ADD node_modules/undici
896 silly ADD node_modules/parse5-parser-stream
897 silly ADD node_modules/parse5-htmlparser2-tree-adapter
898 silly ADD node_modules/parse5
899 silly ADD node_modules/parse5/node_modules/entities
900 silly ADD node_modules/htmlparser2
901 silly ADD node_modules/htmlparser2/node_modules/entities
902 silly ADD node_modules/encoding-sniffer
903 silly ADD node_modules/domutils
904 silly ADD node_modules/domhandler
905 silly ADD node_modules/dom-serializer
906 silly ADD node_modules/cheerio-select
907 silly ADD node_modules/proxy-from-env
908 silly ADD node_modules/form-data
909 silly ADD node_modules/follow-redirects
910 silly ADD node_modules/pg
911 silly ADD node_modules/nodemon
912 silly ADD node_modules/nodemon/node_modules/ms
913 silly ADD node_modules/nodemon/node_modules/debug
914 silly ADD node_modules/express
915 silly ADD node_modules/dotenv
916 silly ADD node_modules/cors
917 silly ADD node_modules/cheerio
918 silly ADD node_modules/axios
919 notice
919 notice New [31mmajor[39m version of npm available! [31m10.7.0[39m -> [34m11.6.4[39m
919 notice Changelog: [34mhttps://github.com/npm/cli/releases/tag/v11.6.4[39m
919 notice To update run: [4mnpm install -g npm@11.6.4[24m
919 notice  { force: true, [Symbol(proc-log.meta)]: true }
920 verbose exit 0
921 info ok
