0 verbose cli /opt/homebrew/Cellar/node/23.9.0/bin/node /opt/homebrew/bin/npm
1 info using npm@11.6.4
2 info using node@v23.9.0
3 silly config load:file:/opt/homebrew/lib/node_modules/npm/npmrc
4 silly config load:file:/Users/mariodiaz/Documents/SheinBot2/SheinBot/backen/.npmrc
5 error config prefix cannot be changed from project config: /Users/mariodiaz/Documents/SheinBot2/SheinBot/backen/.npmrc.
6 silly config load:file:/Users/mariodiaz/.npmrc
7 silly config load:file:/Users/mariodiaz/Documents/SheinBot2/SheinBot/backen/.npm-global/etc/npmrc
8 verbose title npm install @google/genai
9 verbose argv "install" "@google/genai"
10 verbose logfile logs-max:10 dir:/Users/mariodiaz/Documents/SheinBot2/SheinBot/backen/.npm-cache/_logs/2025-11-26T15_03_15_247Z-
11 verbose logfile /Users/mariodiaz/Documents/SheinBot2/SheinBot/backen/.npm-cache/_logs/2025-11-26T15_03_15_247Z-debug-0.log
12 silly logfile done cleaning log files
13 silly packumentCache heap:4345298944 maxSize:1086324736 maxEntrySize:543162368
14 verbose stack JSONParseError: Invalid package.json: JSONParseError: Expected double-quoted property name in JSON at position 288 (line 13 column 1) while parsing near "... \"cors\": \"^2.8.5\",\r\n<<<<<<< HEAD\r\n      ..."
14 verbose stack     at parse (/opt/homebrew/lib/node_modules/npm/node_modules/@npmcli/package-json/lib/read-package.js:19:21)
14 verbose stack     at PackageJson.fromJSON (/opt/homebrew/lib/node_modules/npm/node_modules/@npmcli/package-json/lib/index.js:162:22)
14 verbose stack     at PackageJson.load (/opt/homebrew/lib/node_modules/npm/node_modules/@npmcli/package-json/lib/index.js:157:17)
14 verbose stack     at async PackageJson.normalize (/opt/homebrew/lib/node_modules/npm/node_modules/@npmcli/package-json/lib/index.js:117:5)
14 verbose stack     at async #initTree (/opt/homebrew/lib/node_modules/npm/node_modules/@npmcli/arborist/lib/arborist/build-ideal-tree.js:272:34)
14 verbose stack     at async Arborist.buildIdealTree (/opt/homebrew/lib/node_modules/npm/node_modules/@npmcli/arborist/lib/arborist/build-ideal-tree.js:167:7)
14 verbose stack     at async Promise.all (index 1)
14 verbose stack     at async Arborist.reify (/opt/homebrew/lib/node_modules/npm/node_modules/@npmcli/arborist/lib/arborist/reify.js:110:5)
14 verbose stack     at async Install.exec (/opt/homebrew/lib/node_modules/npm/lib/commands/install.js:150:5)
14 verbose stack     at async Npm.exec (/opt/homebrew/lib/node_modules/npm/lib/npm.js:208:9)
15 error code EJSONPARSE
16 error JSON.parse Invalid package.json: JSONParseError: Expected double-quoted property name in JSON at position 288 (line 13 column 1) while parsing near "... \"cors\": \"^2.8.5\",\r\n<<<<<<< HEAD\r\n      ..."
17 error JSON.parse Failed to parse JSON data.
17 error JSON.parse Note: package.json must be actual JSON, not just JavaScript.
18 silly unfinished npm timer reify 1764169395340
19 silly unfinished npm timer reify:loadTrees 1764169395340
20 silly unfinished npm timer idealTree:init 1764169395340
21 verbose cwd /Users/mariodiaz/Documents/SheinBot2/SheinBot/backen
22 verbose os Darwin 25.1.0
23 verbose node v23.9.0
24 verbose npm  v11.6.4
25 verbose exit 1
26 verbose code 1
27 error A complete log of this run can be found in: /Users/mariodiaz/Documents/SheinBot2/SheinBot/backen/.npm-cache/_logs/2025-11-26T15_03_15_247Z-debug-0.log
